2025-04-01 21:28:49 - INFO - Loading RoBERTa model and tokenizer...
2025-04-01 21:30:02 - INFO - Starting RoBERTa detection process
2025-04-01 21:30:02 - INFO - Will modify input file directly: .\gemini15ProIterationsWithScores.json
2025-04-01 21:30:02 - INFO - Temporary results will be saved to: .\temp\temp_results_20250401_213002.json
2025-04-01 21:30:02 - INFO - Loading data from: .\gemini15ProIterationsWithScores.json
2025-04-01 21:30:02 - INFO - Processing 35 entries...
2025-04-01 21:30:04 - INFO - RoBERTa model and tokenizer loaded successfully
2025-04-01 21:30:04 - INFO - Processing entry 1/35 (ID: 1) - 0.0% complete
2025-04-01 21:30:04 - INFO -   Checking original text for entry 1...
2025-04-01 21:30:04 - INFO -   Original text score: 99.52
2025-04-01 21:30:04 - INFO -   Checking summarized text for entry 1...
2025-04-01 21:30:04 - INFO -   Summarized text score: 0.11
2025-04-01 21:30:04 - INFO -   Processing 10 iterations for entry 1...
2025-04-01 21:30:04 - INFO -   Checking iteration 1/10 (10.0%)...
2025-04-01 21:30:04 - INFO -   Iteration 1 score: 0.02
2025-04-01 21:30:04 - INFO -   Checking iteration 2/10 (20.0%)...
2025-04-01 21:30:04 - INFO -   Iteration 2 score: 0.02
2025-04-01 21:30:05 - INFO -   Checking iteration 3/10 (30.0%)...
2025-04-01 21:30:05 - INFO -   Iteration 3 score: 0.02
2025-04-01 21:30:05 - INFO -   Checking iteration 4/10 (40.0%)...
2025-04-01 21:30:05 - INFO -   Iteration 4 score: 0.02
2025-04-01 21:30:05 - INFO -   Checking iteration 5/10 (50.0%)...
2025-04-01 21:30:05 - INFO -   Iteration 5 score: 0.09
2025-04-01 21:30:05 - INFO -   Checking iteration 6/10 (60.0%)...
2025-04-01 21:30:06 - INFO -   Iteration 6 score: 0.02
2025-04-01 21:30:06 - INFO -   Checking iteration 7/10 (70.0%)...
2025-04-01 21:30:06 - INFO -   Iteration 7 score: 0.02
2025-04-01 21:30:06 - INFO -   Checking iteration 8/10 (80.0%)...
2025-04-01 21:30:06 - INFO -   Iteration 8 score: 0.02
2025-04-01 21:30:06 - INFO -   Checking iteration 9/10 (90.0%)...
2025-04-01 21:30:06 - INFO -   Iteration 9 score: 0.02
2025-04-01 21:30:06 - INFO -   Checking iteration 10/10 (100.0%)...
2025-04-01 21:30:07 - INFO -   Iteration 10 score: 0.02
2025-04-01 21:30:07 - INFO - Completed processing for entry ID 1
2025-04-01 21:30:07 - INFO - Processing entry 2/35 (ID: 2) - 2.9% complete
2025-04-01 21:30:07 - INFO -   Checking original text for entry 2...
2025-04-01 21:30:07 - INFO -   Original text score: 0.02
2025-04-01 21:30:07 - INFO -   Checking summarized text for entry 2...
2025-04-01 21:30:07 - INFO -   Summarized text score: 0.2
2025-04-01 21:30:07 - INFO -   Processing 10 iterations for entry 2...
2025-04-01 21:30:07 - INFO -   Checking iteration 1/10 (10.0%)...
2025-04-01 21:30:07 - INFO -   Iteration 1 score: 0.02
2025-04-01 21:30:08 - INFO -   Checking iteration 2/10 (20.0%)...
2025-04-01 21:30:08 - INFO -   Iteration 2 score: 0.02
2025-04-01 21:30:08 - INFO -   Checking iteration 3/10 (30.0%)...
2025-04-01 21:30:08 - INFO -   Iteration 3 score: 0.02
2025-04-01 21:30:08 - INFO -   Checking iteration 4/10 (40.0%)...
2025-04-01 21:30:08 - INFO -   Iteration 4 score: 0.02
2025-04-01 21:30:08 - INFO -   Checking iteration 5/10 (50.0%)...
2025-04-01 21:30:08 - INFO -   Iteration 5 score: 0.02
2025-04-01 21:30:08 - INFO -   Checking iteration 6/10 (60.0%)...
2025-04-01 21:30:09 - INFO -   Iteration 6 score: 0.02
2025-04-01 21:30:09 - INFO -   Checking iteration 7/10 (70.0%)...
2025-04-01 21:30:09 - INFO -   Iteration 7 score: 0.02
2025-04-01 21:30:09 - INFO -   Checking iteration 8/10 (80.0%)...
2025-04-01 21:30:09 - INFO -   Iteration 8 score: 0.02
2025-04-01 21:30:09 - INFO -   Checking iteration 9/10 (90.0%)...
2025-04-01 21:30:09 - INFO -   Iteration 9 score: 0.02
2025-04-01 21:30:09 - INFO -   Checking iteration 10/10 (100.0%)...
2025-04-01 21:30:10 - INFO -   Iteration 10 score: 0.02
2025-04-01 21:30:10 - INFO - Completed processing for entry ID 2
2025-04-01 21:30:10 - INFO - Processing entry 3/35 (ID: 3) - 5.7% complete
2025-04-01 21:30:10 - INFO -   Checking original text for entry 3...
2025-04-01 21:30:10 - INFO -   Original text score: 2.6
2025-04-01 21:30:10 - INFO -   Checking summarized text for entry 3...
2025-04-01 21:30:10 - INFO -   Summarized text score: 0.23
2025-04-01 21:30:10 - INFO -   Processing 10 iterations for entry 3...
2025-04-01 21:30:10 - INFO -   Checking iteration 1/10 (10.0%)...
2025-04-01 21:30:10 - INFO -   Iteration 1 score: 0.49
2025-04-01 21:30:10 - INFO -   Checking iteration 2/10 (20.0%)...
2025-04-01 21:30:10 - INFO -   Iteration 2 score: 0.17
2025-04-01 21:30:10 - INFO -   Checking iteration 3/10 (30.0%)...
2025-04-01 21:30:10 - INFO -   Iteration 3 score: 0.15
2025-04-01 21:30:10 - INFO -   Checking iteration 4/10 (40.0%)...
2025-04-01 21:30:11 - INFO -   Iteration 4 score: 0.05
2025-04-01 21:30:11 - INFO -   Checking iteration 5/10 (50.0%)...
2025-04-01 21:30:11 - INFO -   Iteration 5 score: 0.17
2025-04-01 21:30:11 - INFO -   Checking iteration 6/10 (60.0%)...
2025-04-01 21:30:11 - INFO -   Iteration 6 score: 0.07
2025-04-01 21:30:11 - INFO -   Checking iteration 7/10 (70.0%)...
2025-04-01 21:30:11 - INFO -   Iteration 7 score: 0.04
2025-04-01 21:30:11 - INFO -   Checking iteration 8/10 (80.0%)...
2025-04-01 21:30:11 - INFO -   Iteration 8 score: 0.07
2025-04-01 21:30:11 - INFO -   Checking iteration 9/10 (90.0%)...
2025-04-01 21:30:12 - INFO -   Iteration 9 score: 0.03
2025-04-01 21:30:12 - INFO -   Checking iteration 10/10 (100.0%)...
2025-04-01 21:30:12 - INFO -   Iteration 10 score: 0.53
2025-04-01 21:30:12 - INFO - Completed processing for entry ID 3
2025-04-01 21:30:12 - INFO - Processing entry 4/35 (ID: 4) - 8.6% complete
2025-04-01 21:30:12 - INFO -   Checking original text for entry 4...
2025-04-01 21:30:12 - INFO -   Original text score: 79.97
2025-04-01 21:30:12 - INFO -   Checking summarized text for entry 4...
2025-04-01 21:30:12 - INFO -   Summarized text score: 12.27
2025-04-01 21:30:12 - INFO -   Processing 10 iterations for entry 4...
2025-04-01 21:30:12 - INFO -   Checking iteration 1/10 (10.0%)...
2025-04-01 21:30:12 - INFO -   Iteration 1 score: 20.63
2025-04-01 21:30:12 - INFO -   Checking iteration 2/10 (20.0%)...
2025-04-01 21:30:12 - INFO -   Iteration 2 score: 19.51
2025-04-01 21:30:13 - INFO -   Checking iteration 3/10 (30.0%)...
2025-04-01 21:30:13 - INFO -   Iteration 3 score: 91.32
2025-04-01 21:30:13 - INFO -   Checking iteration 4/10 (40.0%)...
2025-04-01 21:30:13 - INFO -   Iteration 4 score: 0.35
2025-04-01 21:30:13 - INFO -   Checking iteration 5/10 (50.0%)...
2025-04-01 21:30:13 - INFO -   Iteration 5 score: 15.2
2025-04-01 21:30:13 - INFO -   Checking iteration 6/10 (60.0%)...
2025-04-01 21:30:13 - INFO -   Iteration 6 score: 32.42
2025-04-01 21:30:13 - INFO -   Checking iteration 7/10 (70.0%)...
2025-04-01 21:30:13 - INFO -   Iteration 7 score: 0.18
2025-04-01 21:30:13 - INFO -   Checking iteration 8/10 (80.0%)...
2025-04-01 21:30:14 - INFO -   Iteration 8 score: 0.06
2025-04-01 21:30:14 - INFO -   Checking iteration 9/10 (90.0%)...
2025-04-01 21:30:14 - INFO -   Iteration 9 score: 0.66
2025-04-01 21:30:14 - INFO -   Checking iteration 10/10 (100.0%)...
2025-04-01 21:30:14 - INFO -   Iteration 10 score: 0.11
2025-04-01 21:30:14 - INFO - Completed processing for entry ID 4
2025-04-01 21:30:14 - INFO - Processing entry 5/35 (ID: 5) - 11.4% complete
2025-04-01 21:30:14 - INFO -   Checking original text for entry 5...
2025-04-01 21:30:14 - INFO -   Original text score: 90.61
2025-04-01 21:30:14 - INFO -   Checking summarized text for entry 5...
2025-04-01 21:30:14 - INFO -   Summarized text score: 60.15
2025-04-01 21:30:14 - INFO -   Processing 10 iterations for entry 5...
2025-04-01 21:30:14 - INFO -   Checking iteration 1/10 (10.0%)...
2025-04-01 21:30:14 - INFO -   Iteration 1 score: 2.08
2025-04-01 21:30:14 - INFO -   Checking iteration 2/10 (20.0%)...
2025-04-01 21:30:15 - INFO -   Iteration 2 score: 78.63
2025-04-01 21:30:15 - INFO -   Checking iteration 3/10 (30.0%)...
2025-04-01 21:30:15 - INFO -   Iteration 3 score: 3.5
2025-04-01 21:30:15 - INFO -   Checking iteration 4/10 (40.0%)...
2025-04-01 21:30:15 - INFO -   Iteration 4 score: 19.32
2025-04-01 21:30:15 - INFO -   Checking iteration 5/10 (50.0%)...
2025-04-01 21:30:15 - INFO -   Iteration 5 score: 74.3
2025-04-01 21:30:15 - INFO -   Checking iteration 6/10 (60.0%)...
2025-04-01 21:30:15 - INFO -   Iteration 6 score: 47.42
2025-04-01 21:30:15 - INFO -   Checking iteration 7/10 (70.0%)...
2025-04-01 21:30:15 - INFO -   Iteration 7 score: 2.83
2025-04-01 21:30:16 - INFO -   Checking iteration 8/10 (80.0%)...
2025-04-01 21:30:16 - INFO -   Iteration 8 score: 15.8
2025-04-01 21:30:16 - INFO -   Checking iteration 9/10 (90.0%)...
2025-04-01 21:30:16 - INFO -   Iteration 9 score: 63.23
2025-04-01 21:30:16 - INFO -   Checking iteration 10/10 (100.0%)...
2025-04-01 21:30:16 - INFO -   Iteration 10 score: 28.39
2025-04-01 21:30:16 - INFO - Completed processing for entry ID 5
2025-04-01 21:30:16 - INFO - Processing entry 6/35 (ID: 6) - 14.3% complete
2025-04-01 21:30:16 - INFO -   Checking original text for entry 6...
2025-04-01 21:30:16 - INFO -   Original text score: 98.47
2025-04-01 21:30:16 - INFO -   Checking summarized text for entry 6...
2025-04-01 21:30:16 - INFO -   Summarized text score: 0.07
2025-04-01 21:30:16 - INFO -   Processing 10 iterations for entry 6...
2025-04-01 21:30:16 - INFO -   Checking iteration 1/10 (10.0%)...
2025-04-01 21:30:16 - INFO -   Iteration 1 score: 0.36
2025-04-01 21:30:17 - INFO -   Checking iteration 2/10 (20.0%)...
2025-04-01 21:30:17 - INFO -   Iteration 2 score: 0.22
2025-04-01 21:30:17 - INFO -   Checking iteration 3/10 (30.0%)...
2025-04-01 21:30:17 - INFO -   Iteration 3 score: 1.32
2025-04-01 21:30:17 - INFO -   Checking iteration 4/10 (40.0%)...
2025-04-01 21:30:17 - INFO -   Iteration 4 score: 0.1
2025-04-01 21:30:17 - INFO -   Checking iteration 5/10 (50.0%)...
2025-04-01 21:30:17 - INFO -   Iteration 5 score: 0.26
2025-04-01 21:30:17 - INFO -   Checking iteration 6/10 (60.0%)...
2025-04-01 21:30:17 - INFO -   Iteration 6 score: 2.21
2025-04-01 21:30:18 - INFO -   Checking iteration 7/10 (70.0%)...
2025-04-01 21:30:18 - INFO -   Iteration 7 score: 1.63
2025-04-01 21:30:18 - INFO -   Checking iteration 8/10 (80.0%)...
2025-04-01 21:30:18 - INFO -   Iteration 8 score: 1.8
2025-04-01 21:30:18 - INFO -   Checking iteration 9/10 (90.0%)...
2025-04-01 21:30:18 - INFO -   Iteration 9 score: 0.05
2025-04-01 21:30:18 - INFO -   Checking iteration 10/10 (100.0%)...
2025-04-01 21:30:18 - INFO -   Iteration 10 score: 1.39
2025-04-01 21:30:19 - INFO - Completed processing for entry ID 6
2025-04-01 21:30:19 - INFO - Processing entry 7/35 (ID: 7) - 17.1% complete
2025-04-01 21:30:19 - INFO -   Checking original text for entry 7...
2025-04-01 21:30:19 - INFO -   Original text score: 0.02
2025-04-01 21:30:19 - INFO -   Checking summarized text for entry 7...
2025-04-01 21:30:19 - INFO -   Summarized text score: 76.73
2025-04-01 21:30:19 - INFO -   Processing 10 iterations for entry 7...
2025-04-01 21:30:19 - INFO -   Checking iteration 1/10 (10.0%)...
2025-04-01 21:30:19 - INFO -   Iteration 1 score: 0.04
2025-04-01 21:30:19 - INFO -   Checking iteration 2/10 (20.0%)...
2025-04-01 21:30:19 - INFO -   Iteration 2 score: 0.04
2025-04-01 21:30:19 - INFO -   Checking iteration 3/10 (30.0%)...
2025-04-01 21:30:19 - INFO -   Iteration 3 score: 0.04
2025-04-01 21:30:20 - INFO -   Checking iteration 4/10 (40.0%)...
2025-04-01 21:30:20 - INFO -   Iteration 4 score: 0.02
2025-04-01 21:30:20 - INFO -   Checking iteration 5/10 (50.0%)...
2025-04-01 21:30:20 - INFO -   Iteration 5 score: 0.66
2025-04-01 21:30:20 - INFO -   Checking iteration 6/10 (60.0%)...
2025-04-01 21:30:20 - INFO -   Iteration 6 score: 0.02
2025-04-01 21:30:20 - INFO -   Checking iteration 7/10 (70.0%)...
2025-04-01 21:30:20 - INFO -   Iteration 7 score: 0.07
2025-04-01 21:30:20 - INFO -   Checking iteration 8/10 (80.0%)...
2025-04-01 21:30:21 - INFO -   Iteration 8 score: 0.05
2025-04-01 21:30:21 - INFO -   Checking iteration 9/10 (90.0%)...
2025-04-01 21:30:21 - INFO -   Iteration 9 score: 0.02
2025-04-01 21:30:21 - INFO -   Checking iteration 10/10 (100.0%)...
2025-04-01 21:30:21 - INFO -   Iteration 10 score: 15.76
2025-04-01 21:30:21 - INFO - Completed processing for entry ID 7
2025-04-01 21:30:21 - INFO - Processing entry 8/35 (ID: 8) - 20.0% complete
2025-04-01 21:30:21 - INFO -   Checking original text for entry 8...
2025-04-01 21:30:21 - INFO -   Original text score: 98.16
2025-04-01 21:30:21 - INFO -   Checking summarized text for entry 8...
2025-04-01 21:30:21 - INFO -   Summarized text score: 52.52
2025-04-01 21:30:21 - INFO -   Processing 10 iterations for entry 8...
2025-04-01 21:30:21 - INFO -   Checking iteration 1/10 (10.0%)...
2025-04-01 21:30:21 - INFO -   Iteration 1 score: 0.94
2025-04-01 21:30:21 - INFO -   Checking iteration 2/10 (20.0%)...
2025-04-01 21:30:22 - INFO -   Iteration 2 score: 0.07
2025-04-01 21:30:22 - INFO -   Checking iteration 3/10 (30.0%)...
2025-04-01 21:30:22 - INFO -   Iteration 3 score: 0.67
2025-04-01 21:30:22 - INFO -   Checking iteration 4/10 (40.0%)...
2025-04-01 21:30:22 - INFO -   Iteration 4 score: 0.17
2025-04-01 21:30:22 - INFO -   Checking iteration 5/10 (50.0%)...
2025-04-01 21:30:22 - INFO -   Iteration 5 score: 0.26
2025-04-01 21:30:22 - INFO -   Checking iteration 6/10 (60.0%)...
2025-04-01 21:30:22 - INFO -   Iteration 6 score: 1.48
2025-04-01 21:30:22 - INFO -   Checking iteration 7/10 (70.0%)...
2025-04-01 21:30:23 - INFO -   Iteration 7 score: 0.19
2025-04-01 21:30:23 - INFO -   Checking iteration 8/10 (80.0%)...
2025-04-01 21:30:23 - INFO -   Iteration 8 score: 0.54
2025-04-01 21:30:23 - INFO -   Checking iteration 9/10 (90.0%)...
2025-04-01 21:30:23 - INFO -   Iteration 9 score: 0.05
2025-04-01 21:30:23 - INFO -   Checking iteration 10/10 (100.0%)...
2025-04-01 21:30:23 - INFO -   Iteration 10 score: 0.5
2025-04-01 21:30:23 - INFO - Completed processing for entry ID 8
2025-04-01 21:30:23 - INFO - Processing entry 9/35 (ID: 9) - 22.9% complete
2025-04-01 21:30:23 - INFO -   Checking original text for entry 9...
2025-04-01 21:30:23 - INFO -   Original text score: 0.13
2025-04-01 21:30:23 - INFO -   Checking summarized text for entry 9...
2025-04-01 21:30:24 - INFO -   Summarized text score: 0.18
2025-04-01 21:30:24 - INFO -   Processing 10 iterations for entry 9...
2025-04-01 21:30:24 - INFO -   Checking iteration 1/10 (10.0%)...
2025-04-01 21:30:24 - INFO -   Iteration 1 score: 0.05
2025-04-01 21:30:24 - INFO -   Checking iteration 2/10 (20.0%)...
2025-04-01 21:30:24 - INFO -   Iteration 2 score: 0.02
2025-04-01 21:30:24 - INFO -   Checking iteration 3/10 (30.0%)...
2025-04-01 21:30:24 - INFO -   Iteration 3 score: 0.02
2025-04-01 21:30:24 - INFO -   Checking iteration 4/10 (40.0%)...
2025-04-01 21:30:24 - INFO -   Iteration 4 score: 0.04
2025-04-01 21:30:25 - INFO -   Checking iteration 5/10 (50.0%)...
2025-04-01 21:30:25 - INFO -   Iteration 5 score: 8.79
2025-04-01 21:30:25 - INFO -   Checking iteration 6/10 (60.0%)...
2025-04-01 21:30:25 - INFO -   Iteration 6 score: 0.05
2025-04-01 21:30:25 - INFO -   Checking iteration 7/10 (70.0%)...
2025-04-01 21:30:25 - INFO -   Iteration 7 score: 2.33
2025-04-01 21:30:25 - INFO -   Checking iteration 8/10 (80.0%)...
2025-04-01 21:30:25 - INFO -   Iteration 8 score: 0.02
2025-04-01 21:30:25 - INFO -   Checking iteration 9/10 (90.0%)...
2025-04-01 21:30:25 - INFO -   Iteration 9 score: 13.9
2025-04-01 21:30:26 - INFO -   Checking iteration 10/10 (100.0%)...
2025-04-01 21:30:26 - INFO -   Iteration 10 score: 0.02
2025-04-01 21:30:26 - INFO - Completed processing for entry ID 9
2025-04-01 21:30:26 - INFO - Processing entry 10/35 (ID: 10) - 25.7% complete
2025-04-01 21:30:26 - INFO -   Checking original text for entry 10...
2025-04-01 21:30:26 - INFO -   Original text score: 51.46
2025-04-01 21:30:26 - INFO -   Checking summarized text for entry 10...
2025-04-01 21:30:26 - INFO -   Summarized text score: 2.82
2025-04-01 21:30:26 - INFO -   Processing 10 iterations for entry 10...
2025-04-01 21:30:26 - INFO -   Checking iteration 1/10 (10.0%)...
2025-04-01 21:30:26 - INFO -   Iteration 1 score: 1.84
2025-04-01 21:30:26 - INFO -   Checking iteration 2/10 (20.0%)...
2025-04-01 21:30:27 - INFO -   Iteration 2 score: 0.11
2025-04-01 21:30:27 - INFO -   Checking iteration 3/10 (30.0%)...
2025-04-01 21:30:27 - INFO -   Iteration 3 score: 0.14
2025-04-01 21:30:27 - INFO -   Checking iteration 4/10 (40.0%)...
2025-04-01 21:30:27 - INFO -   Iteration 4 score: 0.08
2025-04-01 21:30:27 - INFO -   Checking iteration 5/10 (50.0%)...
2025-04-01 21:30:27 - INFO -   Iteration 5 score: 0.02
2025-04-01 21:30:27 - INFO -   Checking iteration 6/10 (60.0%)...
2025-04-01 21:30:27 - INFO -   Iteration 6 score: 0.55
2025-04-01 21:30:28 - INFO -   Checking iteration 7/10 (70.0%)...
2025-04-01 21:30:28 - INFO -   Iteration 7 score: 0.02
2025-04-01 21:30:28 - INFO -   Checking iteration 8/10 (80.0%)...
2025-04-01 21:30:28 - INFO -   Iteration 8 score: 0.02
2025-04-01 21:30:28 - INFO -   Checking iteration 9/10 (90.0%)...
2025-04-01 21:30:28 - INFO -   Iteration 9 score: 0.02
2025-04-01 21:30:28 - INFO -   Checking iteration 10/10 (100.0%)...
2025-04-01 21:30:28 - INFO -   Iteration 10 score: 0.04
2025-04-01 21:30:28 - INFO - Completed processing for entry ID 10
2025-04-01 21:30:28 - INFO - Processing entry 11/35 (ID: 11) - 28.6% complete
2025-04-01 21:30:28 - INFO -   Checking original text for entry 11...
2025-04-01 21:30:29 - INFO -   Original text score: 18.5
2025-04-01 21:30:29 - INFO -   Checking summarized text for entry 11...
2025-04-01 21:30:29 - INFO -   Summarized text score: 0.28
2025-04-01 21:30:29 - INFO -   Processing 10 iterations for entry 11...
2025-04-01 21:30:29 - INFO -   Checking iteration 1/10 (10.0%)...
2025-04-01 21:30:29 - INFO -   Iteration 1 score: 0.67
2025-04-01 21:30:29 - INFO -   Checking iteration 2/10 (20.0%)...
2025-04-01 21:30:29 - INFO -   Iteration 2 score: 4.22
2025-04-01 21:30:29 - INFO -   Checking iteration 3/10 (30.0%)...
2025-04-01 21:30:29 - INFO -   Iteration 3 score: 0.36
2025-04-01 21:30:29 - INFO -   Checking iteration 4/10 (40.0%)...
2025-04-01 21:30:29 - INFO -   Iteration 4 score: 0.07
2025-04-01 21:30:30 - INFO -   Checking iteration 5/10 (50.0%)...
2025-04-01 21:30:30 - INFO -   Iteration 5 score: 2.1
2025-04-01 21:30:30 - INFO -   Checking iteration 6/10 (60.0%)...
2025-04-01 21:30:30 - INFO -   Iteration 6 score: 0.36
2025-04-01 21:30:30 - INFO -   Checking iteration 7/10 (70.0%)...
2025-04-01 21:30:30 - INFO -   Iteration 7 score: 2.74
2025-04-01 21:30:30 - INFO -   Checking iteration 8/10 (80.0%)...
2025-04-01 21:30:30 - INFO -   Iteration 8 score: 4.46
2025-04-01 21:30:30 - INFO -   Checking iteration 9/10 (90.0%)...
2025-04-01 21:30:31 - INFO -   Iteration 9 score: 0.07
2025-04-01 21:30:31 - INFO -   Checking iteration 10/10 (100.0%)...
2025-04-01 21:30:31 - INFO -   Iteration 10 score: 0.03
2025-04-01 21:30:31 - INFO - Completed processing for entry ID 11
2025-04-01 21:30:31 - INFO - Processing entry 12/35 (ID: 12) - 31.4% complete
2025-04-01 21:30:31 - INFO -   Checking original text for entry 12...
2025-04-01 21:30:31 - INFO -   Original text score: 0.07
2025-04-01 21:30:31 - INFO -   Checking summarized text for entry 12...
2025-04-01 21:30:31 - INFO -   Summarized text score: 35.09
2025-04-01 21:30:31 - INFO -   Processing 10 iterations for entry 12...
2025-04-01 21:30:31 - INFO -   Checking iteration 1/10 (10.0%)...
2025-04-01 21:30:31 - INFO -   Iteration 1 score: 0.06
2025-04-01 21:30:31 - INFO -   Checking iteration 2/10 (20.0%)...
2025-04-01 21:30:32 - INFO -   Iteration 2 score: 0.09
2025-04-01 21:30:32 - INFO -   Checking iteration 3/10 (30.0%)...
2025-04-01 21:30:32 - INFO -   Iteration 3 score: 0.02
2025-04-01 21:30:32 - INFO -   Checking iteration 4/10 (40.0%)...
2025-04-01 21:30:32 - INFO -   Iteration 4 score: 0.07
2025-04-01 21:30:32 - INFO -   Checking iteration 5/10 (50.0%)...
2025-04-01 21:30:32 - INFO -   Iteration 5 score: 0.02
2025-04-01 21:30:32 - INFO -   Checking iteration 6/10 (60.0%)...
2025-04-01 21:30:33 - INFO -   Iteration 6 score: 0.02
2025-04-01 21:30:33 - INFO -   Checking iteration 7/10 (70.0%)...
2025-04-01 21:30:33 - INFO -   Iteration 7 score: 0.02
2025-04-01 21:30:33 - INFO -   Checking iteration 8/10 (80.0%)...
2025-04-01 21:30:33 - INFO -   Iteration 8 score: 0.02
2025-04-01 21:30:33 - INFO -   Checking iteration 9/10 (90.0%)...
2025-04-01 21:30:33 - INFO -   Iteration 9 score: 0.02
2025-04-01 21:30:34 - INFO -   Checking iteration 10/10 (100.0%)...
2025-04-01 21:30:34 - INFO -   Iteration 10 score: 0.02
2025-04-01 21:30:34 - INFO - Completed processing for entry ID 12
2025-04-01 21:30:34 - INFO - Processing entry 13/35 (ID: 13) - 34.3% complete
2025-04-01 21:30:34 - INFO -   Checking original text for entry 13...
2025-04-01 21:30:34 - INFO -   Original text score: 99.95
2025-04-01 21:30:34 - INFO -   Checking summarized text for entry 13...
2025-04-01 21:30:34 - INFO -   Summarized text score: 0.53
2025-04-01 21:30:34 - INFO -   Processing 10 iterations for entry 13...
2025-04-01 21:30:34 - INFO -   Checking iteration 1/10 (10.0%)...
2025-04-01 21:30:34 - INFO -   Iteration 1 score: 0.92
2025-04-01 21:30:34 - INFO -   Checking iteration 2/10 (20.0%)...
2025-04-01 21:30:34 - INFO -   Iteration 2 score: 0.05
2025-04-01 21:30:34 - INFO -   Checking iteration 3/10 (30.0%)...
2025-04-01 21:30:34 - INFO -   Iteration 3 score: 0.73
2025-04-01 21:30:35 - INFO -   Checking iteration 4/10 (40.0%)...
2025-04-01 21:30:35 - INFO -   Iteration 4 score: 5.9
2025-04-01 21:30:35 - INFO -   Checking iteration 5/10 (50.0%)...
2025-04-01 21:30:35 - INFO -   Iteration 5 score: 1.37
2025-04-01 21:30:35 - INFO -   Checking iteration 6/10 (60.0%)...
2025-04-01 21:30:35 - INFO -   Iteration 6 score: 1.43
2025-04-01 21:30:35 - INFO -   Checking iteration 7/10 (70.0%)...
2025-04-01 21:30:35 - INFO -   Iteration 7 score: 0.07
2025-04-01 21:30:35 - INFO -   Checking iteration 8/10 (80.0%)...
2025-04-01 21:30:35 - INFO -   Iteration 8 score: 0.59
2025-04-01 21:30:36 - INFO -   Checking iteration 9/10 (90.0%)...
2025-04-01 21:30:36 - INFO -   Iteration 9 score: 0.05
2025-04-01 21:30:36 - INFO -   Checking iteration 10/10 (100.0%)...
2025-04-01 21:30:36 - INFO -   Iteration 10 score: 0.03
2025-04-01 21:30:36 - INFO - Completed processing for entry ID 13
2025-04-01 21:30:36 - INFO - Processing entry 14/35 (ID: 14) - 37.1% complete
2025-04-01 21:30:36 - INFO -   Checking original text for entry 14...
2025-04-01 21:30:36 - INFO -   Original text score: 0.15
2025-04-01 21:30:36 - INFO -   Checking summarized text for entry 14...
2025-04-01 21:30:36 - INFO -   Summarized text score: 0.24
2025-04-01 21:30:36 - INFO -   Processing 10 iterations for entry 14...
2025-04-01 21:30:36 - INFO -   Checking iteration 1/10 (10.0%)...
2025-04-01 21:30:36 - INFO -   Iteration 1 score: 0.09
2025-04-01 21:30:36 - INFO -   Checking iteration 2/10 (20.0%)...
2025-04-01 21:30:36 - INFO -   Iteration 2 score: 0.03
2025-04-01 21:30:37 - INFO -   Checking iteration 3/10 (30.0%)...
2025-04-01 21:30:37 - INFO -   Iteration 3 score: 0.64
2025-04-01 21:30:37 - INFO -   Checking iteration 4/10 (40.0%)...
2025-04-01 21:30:37 - INFO -   Iteration 4 score: 0.03
2025-04-01 21:30:37 - INFO -   Checking iteration 5/10 (50.0%)...
2025-04-01 21:30:37 - INFO -   Iteration 5 score: 0.75
2025-04-01 21:30:37 - INFO -   Checking iteration 6/10 (60.0%)...
2025-04-01 21:30:37 - INFO -   Iteration 6 score: 0.02
2025-04-01 21:30:37 - INFO -   Checking iteration 7/10 (70.0%)...
2025-04-01 21:30:37 - INFO -   Iteration 7 score: 0.08
2025-04-01 21:30:38 - INFO -   Checking iteration 8/10 (80.0%)...
2025-04-01 21:30:38 - INFO -   Iteration 8 score: 0.02
2025-04-01 21:30:38 - INFO -   Checking iteration 9/10 (90.0%)...
2025-04-01 21:30:38 - INFO -   Iteration 9 score: 0.29
2025-04-01 21:30:38 - INFO -   Checking iteration 10/10 (100.0%)...
2025-04-01 21:30:38 - INFO -   Iteration 10 score: 0.1
2025-04-01 21:30:38 - INFO - Completed processing for entry ID 14
2025-04-01 21:30:38 - INFO - Processing entry 15/35 (ID: 15) - 40.0% complete
2025-04-01 21:30:38 - INFO -   Checking original text for entry 15...
2025-04-01 21:30:38 - INFO -   Original text score: 3.15
2025-04-01 21:30:38 - INFO -   Checking summarized text for entry 15...
2025-04-01 21:30:38 - INFO -   Summarized text score: 0.07
2025-04-01 21:30:38 - INFO -   Processing 10 iterations for entry 15...
2025-04-01 21:30:38 - INFO -   Checking iteration 1/10 (10.0%)...
2025-04-01 21:30:38 - INFO -   Iteration 1 score: 0.12
2025-04-01 21:30:39 - INFO -   Checking iteration 2/10 (20.0%)...
2025-04-01 21:30:39 - INFO -   Iteration 2 score: 6.17
2025-04-01 21:30:39 - INFO -   Checking iteration 3/10 (30.0%)...
2025-04-01 21:30:39 - INFO -   Iteration 3 score: 0.28
2025-04-01 21:30:39 - INFO -   Checking iteration 4/10 (40.0%)...
2025-04-01 21:30:39 - INFO -   Iteration 4 score: 5.14
2025-04-01 21:30:39 - INFO -   Checking iteration 5/10 (50.0%)...
2025-04-01 21:30:39 - INFO -   Iteration 5 score: 36.41
2025-04-01 21:30:39 - INFO -   Checking iteration 6/10 (60.0%)...
2025-04-01 21:30:39 - INFO -   Iteration 6 score: 2.24
2025-04-01 21:30:39 - INFO -   Checking iteration 7/10 (70.0%)...
2025-04-01 21:30:40 - INFO -   Iteration 7 score: 12.9
2025-04-01 21:30:40 - INFO -   Checking iteration 8/10 (80.0%)...
2025-04-01 21:30:40 - INFO -   Iteration 8 score: 10.33
2025-04-01 21:30:40 - INFO -   Checking iteration 9/10 (90.0%)...
2025-04-01 21:30:40 - INFO -   Iteration 9 score: 0.78
2025-04-01 21:30:40 - INFO -   Checking iteration 10/10 (100.0%)...
2025-04-01 21:30:40 - INFO -   Iteration 10 score: 2.1
2025-04-01 21:30:40 - INFO - Completed processing for entry ID 15
2025-04-01 21:30:40 - INFO - Processing entry 16/35 (ID: 16) - 42.9% complete
2025-04-01 21:30:40 - INFO -   Checking original text for entry 16...
2025-04-01 21:30:40 - INFO -   Original text score: 3.42
2025-04-01 21:30:40 - INFO -   Checking summarized text for entry 16...
2025-04-01 21:30:41 - INFO -   Summarized text score: 0.57
2025-04-01 21:30:41 - INFO -   Processing 10 iterations for entry 16...
2025-04-01 21:30:41 - INFO -   Checking iteration 1/10 (10.0%)...
2025-04-01 21:30:41 - INFO -   Iteration 1 score: 51.19
2025-04-01 21:30:41 - INFO -   Checking iteration 2/10 (20.0%)...
2025-04-01 21:30:41 - INFO -   Iteration 2 score: 2.91
2025-04-01 21:30:41 - INFO -   Checking iteration 3/10 (30.0%)...
2025-04-01 21:30:41 - INFO -   Iteration 3 score: 0.07
2025-04-01 21:30:41 - INFO -   Checking iteration 4/10 (40.0%)...
2025-04-01 21:30:41 - INFO -   Iteration 4 score: 0.3
2025-04-01 21:30:41 - INFO -   Checking iteration 5/10 (50.0%)...
2025-04-01 21:30:42 - INFO -   Iteration 5 score: 0.07
2025-04-01 21:30:42 - INFO -   Checking iteration 6/10 (60.0%)...
2025-04-01 21:30:42 - INFO -   Iteration 6 score: 0.02
2025-04-01 21:30:42 - INFO -   Checking iteration 7/10 (70.0%)...
2025-04-01 21:30:42 - INFO -   Iteration 7 score: 0.08
2025-04-01 21:30:42 - INFO -   Checking iteration 8/10 (80.0%)...
2025-04-01 21:30:42 - INFO -   Iteration 8 score: 0.18
2025-04-01 21:30:42 - INFO -   Checking iteration 9/10 (90.0%)...
2025-04-01 21:30:42 - INFO -   Iteration 9 score: 0.02
2025-04-01 21:30:43 - INFO -   Checking iteration 10/10 (100.0%)...
2025-04-01 21:30:43 - INFO -   Iteration 10 score: 0.02
2025-04-01 21:30:43 - INFO - Completed processing for entry ID 16
2025-04-01 21:30:43 - INFO - Processing entry 17/35 (ID: 17) - 45.7% complete
2025-04-01 21:30:43 - INFO -   Checking original text for entry 17...
2025-04-01 21:30:43 - INFO -   Original text score: 0.02
2025-04-01 21:30:43 - INFO -   Checking summarized text for entry 17...
2025-04-01 21:30:43 - INFO -   Summarized text score: 0.02
2025-04-01 21:30:43 - INFO -   Processing 10 iterations for entry 17...
2025-04-01 21:30:43 - INFO -   Checking iteration 1/10 (10.0%)...
2025-04-01 21:30:44 - INFO -   Iteration 1 score: 0.02
2025-04-01 21:30:44 - INFO -   Checking iteration 2/10 (20.0%)...
2025-04-01 21:30:44 - INFO -   Iteration 2 score: 0.02
2025-04-01 21:30:44 - INFO -   Checking iteration 3/10 (30.0%)...
2025-04-01 21:30:44 - INFO -   Iteration 3 score: 0.02
2025-04-01 21:30:44 - INFO -   Checking iteration 4/10 (40.0%)...
2025-04-01 21:30:45 - INFO -   Iteration 4 score: 0.02
2025-04-01 21:30:45 - INFO -   Checking iteration 5/10 (50.0%)...
2025-04-01 21:30:45 - INFO -   Iteration 5 score: 0.02
2025-04-01 21:30:45 - INFO -   Checking iteration 6/10 (60.0%)...
2025-04-01 21:30:45 - INFO -   Iteration 6 score: 0.02
2025-04-01 21:30:46 - INFO -   Checking iteration 7/10 (70.0%)...
2025-04-01 21:30:46 - INFO -   Iteration 7 score: 0.03
2025-04-01 21:30:46 - INFO -   Checking iteration 8/10 (80.0%)...
2025-04-01 21:30:46 - INFO -   Iteration 8 score: 0.02
2025-04-01 21:30:46 - INFO -   Checking iteration 9/10 (90.0%)...
2025-04-01 21:30:46 - INFO -   Iteration 9 score: 0.02
2025-04-01 21:30:47 - INFO -   Checking iteration 10/10 (100.0%)...
2025-04-01 21:30:47 - INFO -   Iteration 10 score: 0.02
2025-04-01 21:30:47 - INFO - Completed processing for entry ID 17
2025-04-01 21:30:47 - INFO - Processing entry 18/35 (ID: 18) - 48.6% complete
2025-04-01 21:30:47 - INFO -   Checking original text for entry 18...
2025-04-01 21:30:47 - INFO -   Original text score: 80.3
2025-04-01 21:30:47 - INFO -   Checking summarized text for entry 18...
2025-04-01 21:30:47 - INFO -   Summarized text score: 3.01
2025-04-01 21:30:47 - INFO -   Processing 10 iterations for entry 18...
2025-04-01 21:30:47 - INFO -   Checking iteration 1/10 (10.0%)...
2025-04-01 21:30:47 - INFO -   Iteration 1 score: 0.14
2025-04-01 21:30:47 - INFO -   Checking iteration 2/10 (20.0%)...
2025-04-01 21:30:47 - INFO -   Iteration 2 score: 0.39
2025-04-01 21:30:48 - INFO -   Checking iteration 3/10 (30.0%)...
2025-04-01 21:30:48 - INFO -   Iteration 3 score: 0.15
2025-04-01 21:30:48 - INFO -   Checking iteration 4/10 (40.0%)...
2025-04-01 21:30:48 - INFO -   Iteration 4 score: 0.15
2025-04-01 21:30:48 - INFO -   Checking iteration 5/10 (50.0%)...
2025-04-01 21:30:48 - INFO -   Iteration 5 score: 0.18
2025-04-01 21:30:48 - INFO -   Checking iteration 6/10 (60.0%)...
2025-04-01 21:30:48 - INFO -   Iteration 6 score: 2.8
2025-04-01 21:30:48 - INFO -   Checking iteration 7/10 (70.0%)...
2025-04-01 21:30:48 - INFO -   Iteration 7 score: 0.37
2025-04-01 21:30:49 - INFO -   Checking iteration 8/10 (80.0%)...
2025-04-01 21:30:49 - INFO -   Iteration 8 score: 0.76
2025-04-01 21:30:49 - INFO -   Checking iteration 9/10 (90.0%)...
2025-04-01 21:30:49 - INFO -   Iteration 9 score: 0.28
2025-04-01 21:30:49 - INFO -   Checking iteration 10/10 (100.0%)...
2025-04-01 21:30:49 - INFO -   Iteration 10 score: 1.43
2025-04-01 21:30:49 - INFO - Completed processing for entry ID 18
2025-04-01 21:30:49 - INFO - Processing entry 19/35 (ID: 19) - 51.4% complete
2025-04-01 21:30:49 - INFO -   Checking original text for entry 19...
2025-04-01 21:30:49 - INFO -   Original text score: 7.32
2025-04-01 21:30:49 - INFO -   Checking summarized text for entry 19...
2025-04-01 21:30:49 - INFO -   Summarized text score: 8.58
2025-04-01 21:30:49 - INFO -   Processing 10 iterations for entry 19...
2025-04-01 21:30:49 - INFO -   Checking iteration 1/10 (10.0%)...
2025-04-01 21:30:49 - INFO -   Iteration 1 score: 6.01
2025-04-01 21:30:49 - INFO -   Checking iteration 2/10 (20.0%)...
2025-04-01 21:30:50 - INFO -   Iteration 2 score: 1.53
2025-04-01 21:30:50 - INFO -   Checking iteration 3/10 (30.0%)...
2025-04-01 21:30:50 - INFO -   Iteration 3 score: 0.8
2025-04-01 21:30:50 - INFO -   Checking iteration 4/10 (40.0%)...
2025-04-01 21:30:50 - INFO -   Iteration 4 score: 4.15
2025-04-01 21:30:50 - INFO -   Checking iteration 5/10 (50.0%)...
2025-04-01 21:30:50 - INFO -   Iteration 5 score: 1.17
2025-04-01 21:30:50 - INFO -   Checking iteration 6/10 (60.0%)...
2025-04-01 21:30:50 - INFO -   Iteration 6 score: 21.74
2025-04-01 21:30:50 - INFO -   Checking iteration 7/10 (70.0%)...
2025-04-01 21:30:50 - INFO -   Iteration 7 score: 1.33
2025-04-01 21:30:51 - INFO -   Checking iteration 8/10 (80.0%)...
2025-04-01 21:30:51 - INFO -   Iteration 8 score: 3.31
2025-04-01 21:30:51 - INFO -   Checking iteration 9/10 (90.0%)...
2025-04-01 21:30:51 - INFO -   Iteration 9 score: 0.24
2025-04-01 21:30:51 - INFO -   Checking iteration 10/10 (100.0%)...
2025-04-01 21:30:51 - INFO -   Iteration 10 score: 1.58
2025-04-01 21:30:51 - INFO - Completed processing for entry ID 19
2025-04-01 21:30:51 - INFO - Processing entry 20/35 (ID: 20) - 54.3% complete
2025-04-01 21:30:51 - INFO -   Checking original text for entry 20...
2025-04-01 21:30:51 - INFO -   Original text score: 97.03
2025-04-01 21:30:51 - INFO -   Checking summarized text for entry 20...
2025-04-01 21:30:51 - INFO -   Summarized text score: 0.02
2025-04-01 21:30:51 - INFO -   Processing 10 iterations for entry 20...
2025-04-01 21:30:51 - INFO -   Checking iteration 1/10 (10.0%)...
2025-04-01 21:30:52 - INFO -   Iteration 1 score: 0.02
2025-04-01 21:30:52 - INFO -   Checking iteration 2/10 (20.0%)...
2025-04-01 21:30:52 - INFO -   Iteration 2 score: 0.03
2025-04-01 21:30:52 - INFO -   Checking iteration 3/10 (30.0%)...
2025-04-01 21:30:52 - INFO -   Iteration 3 score: 0.03
2025-04-01 21:30:52 - INFO -   Checking iteration 4/10 (40.0%)...
2025-04-01 21:30:52 - INFO -   Iteration 4 score: 0.02
2025-04-01 21:30:52 - INFO -   Checking iteration 5/10 (50.0%)...
2025-04-01 21:30:53 - INFO -   Iteration 5 score: 0.02
2025-04-01 21:30:53 - INFO -   Checking iteration 6/10 (60.0%)...
2025-04-01 21:30:53 - INFO -   Iteration 6 score: 0.02
2025-04-01 21:30:53 - INFO -   Checking iteration 7/10 (70.0%)...
2025-04-01 21:30:53 - INFO -   Iteration 7 score: 0.02
2025-04-01 21:30:53 - INFO -   Checking iteration 8/10 (80.0%)...
2025-04-01 21:30:53 - INFO -   Iteration 8 score: 0.02
2025-04-01 21:30:53 - INFO -   Checking iteration 9/10 (90.0%)...
2025-04-01 21:30:53 - INFO -   Iteration 9 score: 0.23
2025-04-01 21:30:54 - INFO -   Checking iteration 10/10 (100.0%)...
2025-04-01 21:30:54 - INFO -   Iteration 10 score: 0.02
2025-04-01 21:30:54 - INFO - Completed processing for entry ID 20
2025-04-01 21:30:54 - INFO - Processing entry 21/35 (ID: 21) - 57.1% complete
2025-04-01 21:30:54 - INFO -   Checking original text for entry 21...
2025-04-01 21:30:54 - INFO -   Original text score: 0.02
2025-04-01 21:30:54 - INFO -   Checking summarized text for entry 21...
2025-04-01 21:30:54 - INFO -   Summarized text score: 0.02
2025-04-01 21:30:54 - INFO -   Processing 10 iterations for entry 21...
2025-04-01 21:30:54 - INFO -   Checking iteration 1/10 (10.0%)...
2025-04-01 21:30:54 - INFO -   Iteration 1 score: 0.11
2025-04-01 21:30:54 - INFO -   Checking iteration 2/10 (20.0%)...
2025-04-01 21:30:54 - INFO -   Iteration 2 score: 0.04
2025-04-01 21:30:54 - INFO -   Checking iteration 3/10 (30.0%)...
2025-04-01 21:30:55 - INFO -   Iteration 3 score: 0.07
2025-04-01 21:30:55 - INFO -   Checking iteration 4/10 (40.0%)...
2025-04-01 21:30:55 - INFO -   Iteration 4 score: 0.02
2025-04-01 21:30:55 - INFO -   Checking iteration 5/10 (50.0%)...
2025-04-01 21:30:55 - INFO -   Iteration 5 score: 0.3
2025-04-01 21:30:55 - INFO -   Checking iteration 6/10 (60.0%)...
2025-04-01 21:30:55 - INFO -   Iteration 6 score: 0.05
2025-04-01 21:30:55 - INFO -   Checking iteration 7/10 (70.0%)...
2025-04-01 21:30:55 - INFO -   Iteration 7 score: 0.04
2025-04-01 21:30:55 - INFO -   Checking iteration 8/10 (80.0%)...
2025-04-01 21:30:56 - INFO -   Iteration 8 score: 0.02
2025-04-01 21:30:56 - INFO -   Checking iteration 9/10 (90.0%)...
2025-04-01 21:30:56 - INFO -   Iteration 9 score: 0.09
2025-04-01 21:30:56 - INFO -   Checking iteration 10/10 (100.0%)...
2025-04-01 21:30:56 - INFO -   Iteration 10 score: 0.05
2025-04-01 21:30:56 - INFO - Completed processing for entry ID 21
2025-04-01 21:30:56 - INFO - Processing entry 22/35 (ID: 22) - 60.0% complete
2025-04-01 21:30:56 - INFO -   Checking original text for entry 22...
2025-04-01 21:30:56 - INFO -   Original text score: 99.51
2025-04-01 21:30:56 - INFO -   Checking summarized text for entry 22...
2025-04-01 21:30:56 - INFO -   Summarized text score: 99.51
2025-04-01 21:30:56 - INFO -   Processing 10 iterations for entry 22...
2025-04-01 21:30:56 - INFO -   Checking iteration 1/10 (10.0%)...
2025-04-01 21:30:56 - INFO -   Iteration 1 score: 0.03
2025-04-01 21:30:57 - INFO -   Checking iteration 2/10 (20.0%)...
2025-04-01 21:30:57 - INFO -   Iteration 2 score: 10.3
2025-04-01 21:30:57 - INFO -   Checking iteration 3/10 (30.0%)...
2025-04-01 21:30:57 - INFO -   Iteration 3 score: 0.32
2025-04-01 21:30:57 - INFO -   Checking iteration 4/10 (40.0%)...
2025-04-01 21:30:57 - INFO -   Iteration 4 score: 46.95
2025-04-01 21:30:57 - INFO -   Checking iteration 5/10 (50.0%)...
2025-04-01 21:30:57 - INFO -   Iteration 5 score: 0.15
2025-04-01 21:30:57 - INFO -   Checking iteration 6/10 (60.0%)...
2025-04-01 21:30:57 - INFO -   Iteration 6 score: 4.03
2025-04-01 21:30:58 - INFO -   Checking iteration 7/10 (70.0%)...
2025-04-01 21:30:58 - INFO -   Iteration 7 score: 0.04
2025-04-01 21:30:58 - INFO -   Checking iteration 8/10 (80.0%)...
2025-04-01 21:30:58 - INFO -   Iteration 8 score: 0.21
2025-04-01 21:30:58 - INFO -   Checking iteration 9/10 (90.0%)...
2025-04-01 21:30:58 - INFO -   Iteration 9 score: 2.42
2025-04-01 21:30:58 - INFO -   Checking iteration 10/10 (100.0%)...
2025-04-01 21:30:58 - INFO -   Iteration 10 score: 0.12
2025-04-01 21:30:59 - INFO - Completed processing for entry ID 22
2025-04-01 21:30:59 - INFO - Processing entry 23/35 (ID: 23) - 62.9% complete
2025-04-01 21:30:59 - INFO -   Checking original text for entry 23...
2025-04-01 21:30:59 - INFO -   Original text score: 6.03
2025-04-01 21:30:59 - INFO -   Checking summarized text for entry 23...
2025-04-01 21:30:59 - INFO -   Summarized text score: 4.55
2025-04-01 21:30:59 - INFO -   Processing 10 iterations for entry 23...
2025-04-01 21:30:59 - INFO -   Checking iteration 1/10 (10.0%)...
2025-04-01 21:30:59 - INFO -   Iteration 1 score: 8.06
2025-04-01 21:30:59 - INFO -   Checking iteration 2/10 (20.0%)...
2025-04-01 21:30:59 - INFO -   Iteration 2 score: 19.35
2025-04-01 21:30:59 - INFO -   Checking iteration 3/10 (30.0%)...
2025-04-01 21:30:59 - INFO -   Iteration 3 score: 0.03
2025-04-01 21:30:59 - INFO -   Checking iteration 4/10 (40.0%)...
2025-04-01 21:31:00 - INFO -   Iteration 4 score: 1.01
2025-04-01 21:31:00 - INFO -   Checking iteration 5/10 (50.0%)...
2025-04-01 21:31:00 - INFO -   Iteration 5 score: 0.03
2025-04-01 21:31:00 - INFO -   Checking iteration 6/10 (60.0%)...
2025-04-01 21:31:00 - INFO -   Iteration 6 score: 9.81
2025-04-01 21:31:00 - INFO -   Checking iteration 7/10 (70.0%)...
2025-04-01 21:31:00 - INFO -   Iteration 7 score: 0.14
2025-04-01 21:31:00 - INFO -   Checking iteration 8/10 (80.0%)...
2025-04-01 21:31:00 - INFO -   Iteration 8 score: 0.63
2025-04-01 21:31:00 - INFO -   Checking iteration 9/10 (90.0%)...
2025-04-01 21:31:01 - INFO -   Iteration 9 score: 1.29
2025-04-01 21:31:01 - INFO -   Checking iteration 10/10 (100.0%)...
2025-04-01 21:31:01 - INFO -   Iteration 10 score: 0.06
2025-04-01 21:31:01 - INFO - Completed processing for entry ID 23
2025-04-01 21:31:01 - INFO - Processing entry 24/35 (ID: 24) - 65.7% complete
2025-04-01 21:31:01 - INFO -   Checking original text for entry 24...
2025-04-01 21:31:01 - INFO -   Original text score: 5.82
2025-04-01 21:31:01 - INFO -   Checking summarized text for entry 24...
2025-04-01 21:31:01 - INFO -   Summarized text score: 0.25
2025-04-01 21:31:01 - INFO -   Processing 10 iterations for entry 24...
2025-04-01 21:31:01 - INFO -   Checking iteration 1/10 (10.0%)...
2025-04-01 21:31:01 - INFO -   Iteration 1 score: 0.03
2025-04-01 21:31:01 - INFO -   Checking iteration 2/10 (20.0%)...
2025-04-01 21:31:02 - INFO -   Iteration 2 score: 0.02
2025-04-01 21:31:02 - INFO -   Checking iteration 3/10 (30.0%)...
2025-04-01 21:31:02 - INFO -   Iteration 3 score: 0.03
2025-04-01 21:31:02 - INFO -   Checking iteration 4/10 (40.0%)...
2025-04-01 21:31:02 - INFO -   Iteration 4 score: 0.02
2025-04-01 21:31:02 - INFO -   Checking iteration 5/10 (50.0%)...
2025-04-01 21:31:02 - INFO -   Iteration 5 score: 0.08
2025-04-01 21:31:02 - INFO -   Checking iteration 6/10 (60.0%)...
2025-04-01 21:31:02 - INFO -   Iteration 6 score: 0.05
2025-04-01 21:31:03 - INFO -   Checking iteration 7/10 (70.0%)...
2025-04-01 21:31:03 - INFO -   Iteration 7 score: 0.03
2025-04-01 21:31:03 - INFO -   Checking iteration 8/10 (80.0%)...
2025-04-01 21:31:03 - INFO -   Iteration 8 score: 0.07
2025-04-01 21:31:03 - INFO -   Checking iteration 9/10 (90.0%)...
2025-04-01 21:31:03 - INFO -   Iteration 9 score: 0.02
2025-04-01 21:31:03 - INFO -   Checking iteration 10/10 (100.0%)...
2025-04-01 21:31:03 - INFO -   Iteration 10 score: 0.2
2025-04-01 21:31:03 - INFO - Completed processing for entry ID 24
2025-04-01 21:31:03 - INFO - Processing entry 25/35 (ID: 25) - 68.6% complete
2025-04-01 21:31:03 - INFO -   Checking original text for entry 25...
2025-04-01 21:31:04 - INFO -   Original text score: 0.05
2025-04-01 21:31:04 - INFO -   Checking summarized text for entry 25...
2025-04-01 21:31:04 - INFO -   Summarized text score: 0.02
2025-04-01 21:31:04 - INFO -   Processing 10 iterations for entry 25...
2025-04-01 21:31:04 - INFO -   Checking iteration 1/10 (10.0%)...
2025-04-01 21:31:04 - INFO -   Iteration 1 score: 0.07
2025-04-01 21:31:04 - INFO -   Checking iteration 2/10 (20.0%)...
2025-04-01 21:31:04 - INFO -   Iteration 2 score: 1.9
2025-04-01 21:31:04 - INFO -   Checking iteration 3/10 (30.0%)...
2025-04-01 21:31:04 - INFO -   Iteration 3 score: 0.02
2025-04-01 21:31:04 - INFO -   Checking iteration 4/10 (40.0%)...
2025-04-01 21:31:04 - INFO -   Iteration 4 score: 0.06
2025-04-01 21:31:05 - INFO -   Checking iteration 5/10 (50.0%)...
2025-04-01 21:31:05 - INFO -   Iteration 5 score: 0.07
2025-04-01 21:31:05 - INFO -   Checking iteration 6/10 (60.0%)...
2025-04-01 21:31:05 - INFO -   Iteration 6 score: 0.1
2025-04-01 21:31:05 - INFO -   Checking iteration 7/10 (70.0%)...
2025-04-01 21:31:05 - INFO -   Iteration 7 score: 0.06
2025-04-01 21:31:05 - INFO -   Checking iteration 8/10 (80.0%)...
2025-04-01 21:31:05 - INFO -   Iteration 8 score: 0.04
2025-04-01 21:31:05 - INFO -   Checking iteration 9/10 (90.0%)...
2025-04-01 21:31:05 - INFO -   Iteration 9 score: 0.07
2025-04-01 21:31:05 - INFO -   Checking iteration 10/10 (100.0%)...
2025-04-01 21:31:06 - INFO -   Iteration 10 score: 0.03
2025-04-01 21:31:06 - INFO - Completed processing for entry ID 25
2025-04-01 21:31:06 - INFO - Processing entry 26/35 (ID: 26) - 71.4% complete
2025-04-01 21:31:06 - INFO -   Checking original text for entry 26...
2025-04-01 21:31:06 - INFO -   Original text score: 0.15
2025-04-01 21:31:06 - INFO -   Checking summarized text for entry 26...
2025-04-01 21:31:06 - INFO -   Summarized text score: 0.08
2025-04-01 21:31:06 - INFO -   Processing 10 iterations for entry 26...
2025-04-01 21:31:06 - INFO -   Checking iteration 1/10 (10.0%)...
2025-04-01 21:31:06 - INFO -   Iteration 1 score: 0.03
2025-04-01 21:31:06 - INFO -   Checking iteration 2/10 (20.0%)...
2025-04-01 21:31:06 - INFO -   Iteration 2 score: 0.03
2025-04-01 21:31:07 - INFO -   Checking iteration 3/10 (30.0%)...
2025-04-01 21:31:07 - INFO -   Iteration 3 score: 0.02
2025-04-01 21:31:07 - INFO -   Checking iteration 4/10 (40.0%)...
2025-04-01 21:31:07 - INFO -   Iteration 4 score: 0.28
2025-04-01 21:31:07 - INFO -   Checking iteration 5/10 (50.0%)...
2025-04-01 21:31:07 - INFO -   Iteration 5 score: 0.02
2025-04-01 21:31:07 - INFO -   Checking iteration 6/10 (60.0%)...
2025-04-01 21:31:07 - INFO -   Iteration 6 score: 1.65
2025-04-01 21:31:08 - INFO -   Checking iteration 7/10 (70.0%)...
2025-04-01 21:31:08 - INFO -   Iteration 7 score: 0.02
2025-04-01 21:31:08 - INFO -   Checking iteration 8/10 (80.0%)...
2025-04-01 21:31:08 - INFO -   Iteration 8 score: 0.03
2025-04-01 21:31:08 - INFO -   Checking iteration 9/10 (90.0%)...
2025-04-01 21:31:08 - INFO -   Iteration 9 score: 0.03
2025-04-01 21:31:08 - INFO -   Checking iteration 10/10 (100.0%)...
2025-04-01 21:31:08 - INFO -   Iteration 10 score: 0.06
2025-04-01 21:31:08 - INFO - Completed processing for entry ID 26
2025-04-01 21:31:09 - INFO - Processing entry 27/35 (ID: 27) - 74.3% complete
2025-04-01 21:31:09 - INFO -   Checking original text for entry 27...
2025-04-01 21:31:09 - INFO -   Original text score: 0.02
2025-04-01 21:31:09 - INFO -   Checking summarized text for entry 27...
2025-04-01 21:31:09 - INFO -   Summarized text score: 0.03
2025-04-01 21:31:09 - INFO -   Processing 10 iterations for entry 27...
2025-04-01 21:31:09 - INFO -   Checking iteration 1/10 (10.0%)...
2025-04-01 21:31:09 - INFO -   Iteration 1 score: 0.31
2025-04-01 21:31:09 - INFO -   Checking iteration 2/10 (20.0%)...
2025-04-01 21:31:09 - INFO -   Iteration 2 score: 0.16
2025-04-01 21:31:09 - INFO -   Checking iteration 3/10 (30.0%)...
2025-04-01 21:31:09 - INFO -   Iteration 3 score: 0.08
2025-04-01 21:31:09 - INFO -   Checking iteration 4/10 (40.0%)...
2025-04-01 21:31:09 - INFO -   Iteration 4 score: 0.11
2025-04-01 21:31:10 - INFO -   Checking iteration 5/10 (50.0%)...
2025-04-01 21:31:10 - INFO -   Iteration 5 score: 0.14
2025-04-01 21:31:10 - INFO -   Checking iteration 6/10 (60.0%)...
2025-04-01 21:31:10 - INFO -   Iteration 6 score: 0.63
2025-04-01 21:31:10 - INFO -   Checking iteration 7/10 (70.0%)...
2025-04-01 21:31:10 - INFO -   Iteration 7 score: 0.23
2025-04-01 21:31:10 - INFO -   Checking iteration 8/10 (80.0%)...
2025-04-01 21:31:10 - INFO -   Iteration 8 score: 6.13
2025-04-01 21:31:10 - INFO -   Checking iteration 9/10 (90.0%)...
2025-04-01 21:31:11 - INFO -   Iteration 9 score: 0.03
2025-04-01 21:31:11 - INFO -   Checking iteration 10/10 (100.0%)...
2025-04-01 21:31:11 - INFO -   Iteration 10 score: 9.96
2025-04-01 21:31:11 - INFO - Completed processing for entry ID 27
2025-04-01 21:31:11 - INFO - Processing entry 28/35 (ID: 28) - 77.1% complete
2025-04-01 21:31:11 - INFO -   Checking original text for entry 28...
2025-04-01 21:31:11 - INFO -   Original text score: 0.02
2025-04-01 21:31:11 - INFO -   Checking summarized text for entry 28...
2025-04-01 21:31:11 - INFO -   Summarized text score: 0.39
2025-04-01 21:31:11 - INFO -   Processing 10 iterations for entry 28...
2025-04-01 21:31:11 - INFO -   Checking iteration 1/10 (10.0%)...
2025-04-01 21:31:11 - INFO -   Iteration 1 score: 0.04
2025-04-01 21:31:11 - INFO -   Checking iteration 2/10 (20.0%)...
2025-04-01 21:31:11 - INFO -   Iteration 2 score: 13.25
2025-04-01 21:31:12 - INFO -   Checking iteration 3/10 (30.0%)...
2025-04-01 21:31:12 - INFO -   Iteration 3 score: 1.24
2025-04-01 21:31:12 - INFO -   Checking iteration 4/10 (40.0%)...
2025-04-01 21:31:12 - INFO -   Iteration 4 score: 1.35
2025-04-01 21:31:12 - INFO -   Checking iteration 5/10 (50.0%)...
2025-04-01 21:31:12 - INFO -   Iteration 5 score: 0.53
2025-04-01 21:31:12 - INFO -   Checking iteration 6/10 (60.0%)...
2025-04-01 21:31:12 - INFO -   Iteration 6 score: 0.04
2025-04-01 21:31:13 - INFO -   Checking iteration 7/10 (70.0%)...
2025-04-01 21:31:13 - INFO -   Iteration 7 score: 0.02
2025-04-01 21:31:13 - INFO -   Checking iteration 8/10 (80.0%)...
2025-04-01 21:31:13 - INFO -   Iteration 8 score: 0.03
2025-04-01 21:31:13 - INFO -   Checking iteration 9/10 (90.0%)...
2025-04-01 21:31:13 - INFO -   Iteration 9 score: 0.03
2025-04-01 21:31:13 - INFO -   Checking iteration 10/10 (100.0%)...
2025-04-01 21:31:13 - INFO -   Iteration 10 score: 0.03
2025-04-01 21:31:14 - INFO - Completed processing for entry ID 28
2025-04-01 21:31:14 - INFO - Processing entry 29/35 (ID: 29) - 80.0% complete
2025-04-01 21:31:14 - INFO -   Checking original text for entry 29...
2025-04-01 21:31:14 - INFO -   Original text score: 0.02
2025-04-01 21:31:14 - INFO -   Checking summarized text for entry 29...
2025-04-01 21:31:14 - INFO -   Summarized text score: 0.02
2025-04-01 21:31:14 - INFO -   Processing 10 iterations for entry 29...
2025-04-01 21:31:14 - INFO -   Checking iteration 1/10 (10.0%)...
2025-04-01 21:31:15 - INFO -   Iteration 1 score: 0.02
2025-04-01 21:31:15 - INFO -   Checking iteration 2/10 (20.0%)...
2025-04-01 21:31:15 - INFO -   Iteration 2 score: 0.03
2025-04-01 21:31:15 - INFO -   Checking iteration 3/10 (30.0%)...
2025-04-01 21:31:15 - INFO -   Iteration 3 score: 0.02
2025-04-01 21:31:15 - INFO -   Checking iteration 4/10 (40.0%)...
2025-04-01 21:31:15 - INFO -   Iteration 4 score: 0.03
2025-04-01 21:31:16 - INFO -   Checking iteration 5/10 (50.0%)...
2025-04-01 21:31:16 - INFO -   Iteration 5 score: 0.03
2025-04-01 21:31:16 - INFO -   Checking iteration 6/10 (60.0%)...
2025-04-01 21:31:16 - INFO -   Iteration 6 score: 0.04
2025-04-01 21:31:16 - INFO -   Checking iteration 7/10 (70.0%)...
2025-04-01 21:31:16 - INFO -   Iteration 7 score: 0.02
2025-04-01 21:31:16 - INFO -   Checking iteration 8/10 (80.0%)...
2025-04-01 21:31:17 - INFO -   Iteration 8 score: 0.02
2025-04-01 21:31:17 - INFO -   Checking iteration 9/10 (90.0%)...
2025-04-01 21:31:17 - INFO -   Iteration 9 score: 0.02
2025-04-01 21:31:17 - INFO -   Checking iteration 10/10 (100.0%)...
2025-04-01 21:31:17 - INFO -   Iteration 10 score: 0.03
2025-04-01 21:31:17 - INFO - Completed processing for entry ID 29
2025-04-01 21:31:17 - INFO - Processing entry 30/35 (ID: 30) - 82.9% complete
2025-04-01 21:31:17 - INFO -   Checking original text for entry 30...
2025-04-01 21:31:18 - INFO -   Original text score: 0.05
2025-04-01 21:31:18 - INFO -   Checking summarized text for entry 30...
2025-04-01 21:31:18 - INFO -   Summarized text score: 14.58
2025-04-01 21:31:18 - INFO -   Processing 10 iterations for entry 30...
2025-04-01 21:31:18 - INFO -   Checking iteration 1/10 (10.0%)...
2025-04-01 21:31:18 - INFO -   Iteration 1 score: 0.08
2025-04-01 21:31:18 - INFO -   Checking iteration 2/10 (20.0%)...
2025-04-01 21:31:18 - INFO -   Iteration 2 score: 1.54
2025-04-01 21:31:18 - INFO -   Checking iteration 3/10 (30.0%)...
2025-04-01 21:31:18 - INFO -   Iteration 3 score: 42.26
2025-04-01 21:31:18 - INFO -   Checking iteration 4/10 (40.0%)...
2025-04-01 21:31:18 - INFO -   Iteration 4 score: 0.08
2025-04-01 21:31:19 - INFO -   Checking iteration 5/10 (50.0%)...
2025-04-01 21:31:19 - INFO -   Iteration 5 score: 0.2
2025-04-01 21:31:19 - INFO -   Checking iteration 6/10 (60.0%)...
2025-04-01 21:31:19 - INFO -   Iteration 6 score: 0.09
2025-04-01 21:31:19 - INFO -   Checking iteration 7/10 (70.0%)...
2025-04-01 21:31:19 - INFO -   Iteration 7 score: 0.48
2025-04-01 21:31:19 - INFO -   Checking iteration 8/10 (80.0%)...
2025-04-01 21:31:19 - INFO -   Iteration 8 score: 0.15
2025-04-01 21:31:19 - INFO -   Checking iteration 9/10 (90.0%)...
2025-04-01 21:31:19 - INFO -   Iteration 9 score: 0.04
2025-04-01 21:31:20 - INFO -   Checking iteration 10/10 (100.0%)...
2025-04-01 21:31:20 - INFO -   Iteration 10 score: 0.08
2025-04-01 21:31:20 - INFO - Completed processing for entry ID 30
2025-04-01 21:31:20 - INFO - Processing entry 31/35 (ID: 31) - 85.7% complete
2025-04-01 21:31:20 - INFO -   Checking original text for entry 31...
2025-04-01 21:31:20 - INFO -   Original text score: 2.31
2025-04-01 21:31:20 - INFO -   Checking summarized text for entry 31...
2025-04-01 21:31:20 - INFO -   Summarized text score: 16.58
2025-04-01 21:31:20 - INFO -   Processing 10 iterations for entry 31...
2025-04-01 21:31:20 - INFO -   Checking iteration 1/10 (10.0%)...
2025-04-01 21:31:20 - INFO -   Iteration 1 score: 1.74
2025-04-01 21:31:20 - INFO -   Checking iteration 2/10 (20.0%)...
2025-04-01 21:31:20 - INFO -   Iteration 2 score: 10.13
2025-04-01 21:31:20 - INFO -   Checking iteration 3/10 (30.0%)...
2025-04-01 21:31:20 - INFO -   Iteration 3 score: 0.19
2025-04-01 21:31:21 - INFO -   Checking iteration 4/10 (40.0%)...
2025-04-01 21:31:21 - INFO -   Iteration 4 score: 1.32
2025-04-01 21:31:21 - INFO -   Checking iteration 5/10 (50.0%)...
2025-04-01 21:31:21 - INFO -   Iteration 5 score: 1.64
2025-04-01 21:31:21 - INFO -   Checking iteration 6/10 (60.0%)...
2025-04-01 21:31:21 - INFO -   Iteration 6 score: 0.28
2025-04-01 21:31:21 - INFO -   Checking iteration 7/10 (70.0%)...
2025-04-01 21:31:21 - INFO -   Iteration 7 score: 2.03
2025-04-01 21:31:21 - INFO -   Checking iteration 8/10 (80.0%)...
2025-04-01 21:31:22 - INFO -   Iteration 8 score: 0.19
2025-04-01 21:31:22 - INFO -   Checking iteration 9/10 (90.0%)...
2025-04-01 21:31:22 - INFO -   Iteration 9 score: 0.03
2025-04-01 21:31:22 - INFO -   Checking iteration 10/10 (100.0%)...
2025-04-01 21:31:22 - INFO -   Iteration 10 score: 0.48
2025-04-01 21:31:22 - INFO - Completed processing for entry ID 31
2025-04-01 21:31:22 - INFO - Processing entry 32/35 (ID: 32) - 88.6% complete
2025-04-01 21:31:22 - INFO -   Checking original text for entry 32...
2025-04-01 21:31:22 - INFO -   Original text score: 0.7
2025-04-01 21:31:22 - INFO -   Checking summarized text for entry 32...
2025-04-01 21:31:22 - INFO -   Summarized text score: 0.26
2025-04-01 21:31:22 - INFO -   Processing 10 iterations for entry 32...
2025-04-01 21:31:22 - INFO -   Checking iteration 1/10 (10.0%)...
2025-04-01 21:31:22 - INFO -   Iteration 1 score: 0.03
2025-04-01 21:31:22 - INFO -   Checking iteration 2/10 (20.0%)...
2025-04-01 21:31:23 - INFO -   Iteration 2 score: 0.02
2025-04-01 21:31:23 - INFO -   Checking iteration 3/10 (30.0%)...
2025-04-01 21:31:23 - INFO -   Iteration 3 score: 0.02
2025-04-01 21:31:23 - INFO -   Checking iteration 4/10 (40.0%)...
2025-04-01 21:31:23 - INFO -   Iteration 4 score: 0.02
2025-04-01 21:31:23 - INFO -   Checking iteration 5/10 (50.0%)...
2025-04-01 21:31:23 - INFO -   Iteration 5 score: 0.05
2025-04-01 21:31:23 - INFO -   Checking iteration 6/10 (60.0%)...
2025-04-01 21:31:24 - INFO -   Iteration 6 score: 0.02
2025-04-01 21:31:24 - INFO -   Checking iteration 7/10 (70.0%)...
2025-04-01 21:31:24 - INFO -   Iteration 7 score: 0.02
2025-04-01 21:31:24 - INFO -   Checking iteration 8/10 (80.0%)...
2025-04-01 21:31:24 - INFO -   Iteration 8 score: 0.02
2025-04-01 21:31:24 - INFO -   Checking iteration 9/10 (90.0%)...
2025-04-01 21:31:24 - INFO -   Iteration 9 score: 0.09
2025-04-01 21:31:25 - INFO -   Checking iteration 10/10 (100.0%)...
2025-04-01 21:31:25 - INFO -   Iteration 10 score: 0.04
2025-04-01 21:31:25 - INFO - Completed processing for entry ID 32
2025-04-01 21:31:25 - INFO - Processing entry 33/35 (ID: 33) - 91.4% complete
2025-04-01 21:31:25 - INFO -   Checking original text for entry 33...
2025-04-01 21:31:25 - INFO -   Original text score: 0.1
2025-04-01 21:31:25 - INFO -   Checking summarized text for entry 33...
2025-04-01 21:31:25 - INFO -   Summarized text score: 16.33
2025-04-01 21:31:25 - INFO -   Processing 10 iterations for entry 33...
2025-04-01 21:31:25 - INFO -   Checking iteration 1/10 (10.0%)...
2025-04-01 21:31:25 - INFO -   Iteration 1 score: 0.02
2025-04-01 21:31:25 - INFO -   Checking iteration 2/10 (20.0%)...
2025-04-01 21:31:26 - INFO -   Iteration 2 score: 0.02
2025-04-01 21:31:26 - INFO -   Checking iteration 3/10 (30.0%)...
2025-04-01 21:31:26 - INFO -   Iteration 3 score: 0.03
2025-04-01 21:31:26 - INFO -   Checking iteration 4/10 (40.0%)...
2025-04-01 21:31:26 - INFO -   Iteration 4 score: 0.02
2025-04-01 21:31:26 - INFO -   Checking iteration 5/10 (50.0%)...
2025-04-01 21:31:26 - INFO -   Iteration 5 score: 0.02
2025-04-01 21:31:26 - INFO -   Checking iteration 6/10 (60.0%)...
2025-04-01 21:31:27 - INFO -   Iteration 6 score: 0.02
2025-04-01 21:31:27 - INFO -   Checking iteration 7/10 (70.0%)...
2025-04-01 21:31:27 - INFO -   Iteration 7 score: 0.02
2025-04-01 21:31:27 - INFO -   Checking iteration 8/10 (80.0%)...
2025-04-01 21:31:27 - INFO -   Iteration 8 score: 0.02
2025-04-01 21:31:27 - INFO -   Checking iteration 9/10 (90.0%)...
2025-04-01 21:31:27 - INFO -   Iteration 9 score: 0.02
2025-04-01 21:31:28 - INFO -   Checking iteration 10/10 (100.0%)...
2025-04-01 21:31:28 - INFO -   Iteration 10 score: 0.02
2025-04-01 21:31:28 - INFO - Completed processing for entry ID 33
2025-04-01 21:31:28 - INFO - Processing entry 34/35 (ID: 34) - 94.3% complete
2025-04-01 21:31:28 - INFO -   Checking original text for entry 34...
2025-04-01 21:31:28 - INFO -   Original text score: 0.04
2025-04-01 21:31:28 - INFO -   Checking summarized text for entry 34...
2025-04-01 21:31:28 - INFO -   Summarized text score: 0.11
2025-04-01 21:31:28 - INFO -   Processing 10 iterations for entry 34...
2025-04-01 21:31:28 - INFO -   Checking iteration 1/10 (10.0%)...
2025-04-01 21:31:28 - INFO -   Iteration 1 score: 3.53
2025-04-01 21:31:28 - INFO -   Checking iteration 2/10 (20.0%)...
2025-04-01 21:31:28 - INFO -   Iteration 2 score: 0.02
2025-04-01 21:31:28 - INFO -   Checking iteration 3/10 (30.0%)...
2025-04-01 21:31:29 - INFO -   Iteration 3 score: 0.05
2025-04-01 21:31:29 - INFO -   Checking iteration 4/10 (40.0%)...
2025-04-01 21:31:29 - INFO -   Iteration 4 score: 0.11
2025-04-01 21:31:29 - INFO -   Checking iteration 5/10 (50.0%)...
2025-04-01 21:31:29 - INFO -   Iteration 5 score: 0.04
2025-04-01 21:31:29 - INFO -   Checking iteration 6/10 (60.0%)...
2025-04-01 21:31:29 - INFO -   Iteration 6 score: 0.05
2025-04-01 21:31:29 - INFO -   Checking iteration 7/10 (70.0%)...
2025-04-01 21:31:30 - INFO -   Iteration 7 score: 0.05
2025-04-01 21:31:30 - INFO -   Checking iteration 8/10 (80.0%)...
2025-04-01 21:31:30 - INFO -   Iteration 8 score: 0.03
2025-04-01 21:31:30 - INFO -   Checking iteration 9/10 (90.0%)...
2025-04-01 21:31:30 - INFO -   Iteration 9 score: 0.04
2025-04-01 21:31:30 - INFO -   Checking iteration 10/10 (100.0%)...
2025-04-01 21:31:30 - INFO -   Iteration 10 score: 0.03
2025-04-01 21:31:30 - INFO - Completed processing for entry ID 34
2025-04-01 21:31:30 - INFO - Processing entry 35/35 (ID: 35) - 97.1% complete
2025-04-01 21:31:30 - INFO -   Checking original text for entry 35...
2025-04-01 21:31:30 - INFO -   Original text score: 0.12
2025-04-01 21:31:30 - INFO -   Checking summarized text for entry 35...
2025-04-01 21:31:30 - INFO -   Summarized text score: 0.05
2025-04-01 21:31:30 - INFO -   Processing 10 iterations for entry 35...
2025-04-01 21:31:30 - INFO -   Checking iteration 1/10 (10.0%)...
2025-04-01 21:31:31 - INFO -   Iteration 1 score: 0.02
2025-04-01 21:31:31 - INFO -   Checking iteration 2/10 (20.0%)...
2025-04-01 21:31:31 - INFO -   Iteration 2 score: 0.09
2025-04-01 21:31:31 - INFO -   Checking iteration 3/10 (30.0%)...
2025-04-01 21:31:31 - INFO -   Iteration 3 score: 0.02
2025-04-01 21:31:31 - INFO -   Checking iteration 4/10 (40.0%)...
2025-04-01 21:31:31 - INFO -   Iteration 4 score: 0.02
2025-04-01 21:31:31 - INFO -   Checking iteration 5/10 (50.0%)...
2025-04-01 21:31:32 - INFO -   Iteration 5 score: 0.02
2025-04-01 21:31:32 - INFO -   Checking iteration 6/10 (60.0%)...
2025-04-01 21:31:32 - INFO -   Iteration 6 score: 0.02
2025-04-01 21:31:32 - INFO -   Checking iteration 7/10 (70.0%)...
2025-04-01 21:31:32 - INFO -   Iteration 7 score: 0.02
2025-04-01 21:31:32 - INFO -   Checking iteration 8/10 (80.0%)...
2025-04-01 21:31:32 - INFO -   Iteration 8 score: 0.02
2025-04-01 21:31:32 - INFO -   Checking iteration 9/10 (90.0%)...
2025-04-01 21:31:33 - INFO -   Iteration 9 score: 0.02
2025-04-01 21:31:33 - INFO -   Checking iteration 10/10 (100.0%)...
2025-04-01 21:31:33 - INFO -   Iteration 10 score: 0.03
2025-04-01 21:31:33 - INFO - Completed processing for entry ID 35
2025-04-01 21:31:33 - INFO - All entries processed. Saving final results to: .\gemini15ProIterationsWithScores.json
2025-04-01 21:31:33 - INFO - Creating backup of original file: .\gemini15ProIterationsWithScores.json.bak.20250401_213133
2025-04-01 21:31:33 - INFO - Processing complete. Results saved to .\gemini15ProIterationsWithScores.json
2025-04-01 21:31:33 - INFO - RoBERTa detection process completed
