2025-04-01 21:00:15 - INFO - Loading RoBERTa model and tokenizer...
2025-04-01 21:00:57 - INFO - Starting RoBERTa detection process
2025-04-01 21:00:57 - INFO - Temporary results will be saved to: .\temp\temp_results_20250401_210057.json
2025-04-01 21:00:57 - INFO - Loading data from: C:\Users\Zach\GHRepos\chameleon-org\chameleon-testing\tools\iterativeSampling\2_iterativePrompting\gemini2FlashIteration\gemini2FlashIterations.json
2025-04-01 21:00:57 - INFO - Processing 35 entries...
2025-04-01 21:00:58 - INFO - RoBERTa model and tokenizer loaded successfully
2025-04-01 21:00:58 - INFO - Processing entry 1/35 (ID: 1) - 0.0% complete
2025-04-01 21:00:58 - INFO -   Checking original text for entry 1...
2025-04-01 21:00:58 - INFO -   Original text score: 99.5182350743562
2025-04-01 21:00:58 - INFO -   Checking summarized text for entry 1...
2025-04-01 21:00:59 - INFO -   Summarized text score: 8.170884847640991
2025-04-01 21:00:59 - INFO -   Processing 10 iterations for entry 1...
2025-04-01 21:00:59 - INFO -   Checking iteration 1/10 (10.0%)...
2025-04-01 21:00:59 - INFO -   Iteration 1 score: 0.017958879470825195
2025-04-01 21:00:59 - INFO -   Checking iteration 2/10 (20.0%)...
2025-04-01 21:00:59 - INFO -   Iteration 2 score: 0.02003312110900879
2025-04-01 21:00:59 - INFO -   Checking iteration 3/10 (30.0%)...
2025-04-01 21:00:59 - INFO -   Iteration 3 score: 0.016820430755615234
2025-04-01 21:00:59 - INFO -   Checking iteration 4/10 (40.0%)...
2025-04-01 21:01:00 - INFO -   Iteration 4 score: 0.03256797790527344
2025-04-01 21:01:00 - INFO -   Checking iteration 5/10 (50.0%)...
2025-04-01 21:01:00 - INFO -   Iteration 5 score: 0.02047419548034668
2025-04-01 21:01:00 - INFO -   Checking iteration 6/10 (60.0%)...
2025-04-01 21:01:00 - INFO -   Iteration 6 score: 0.023120641708374023
2025-04-01 21:01:00 - INFO -   Checking iteration 7/10 (70.0%)...
2025-04-01 21:01:01 - INFO -   Iteration 7 score: 0.032639503479003906
2025-04-01 21:01:01 - INFO -   Checking iteration 8/10 (80.0%)...
2025-04-01 21:01:01 - INFO -   Iteration 8 score: 0.0357508659362793
2025-04-01 21:01:01 - INFO -   Checking iteration 9/10 (90.0%)...
2025-04-01 21:01:01 - INFO -   Iteration 9 score: 0.018161535263061523
2025-04-01 21:01:01 - INFO -   Checking iteration 10/10 (100.0%)...
2025-04-01 21:01:02 - INFO -   Iteration 10 score: 4.404592514038086
2025-04-01 21:01:02 - INFO - Completed processing for entry ID 1
2025-04-01 21:01:02 - INFO - Processing entry 2/35 (ID: 2) - 2.9% complete
2025-04-01 21:01:02 - INFO -   Checking original text for entry 2...
2025-04-01 21:01:02 - INFO -   Original text score: 0.0216066837310791
2025-04-01 21:01:02 - INFO -   Checking summarized text for entry 2...
2025-04-01 21:01:02 - INFO -   Summarized text score: 1.5240728855133057
2025-04-01 21:01:02 - INFO -   Processing 10 iterations for entry 2...
2025-04-01 21:01:02 - INFO -   Checking iteration 1/10 (10.0%)...
2025-04-01 21:01:02 - INFO -   Iteration 1 score: 0.017070770263671875
2025-04-01 21:01:02 - INFO -   Checking iteration 2/10 (20.0%)...
2025-04-01 21:01:03 - INFO -   Iteration 2 score: 0.023299455642700195
2025-04-01 21:01:03 - INFO -   Checking iteration 3/10 (30.0%)...
2025-04-01 21:01:03 - INFO -   Iteration 3 score: 0.026232004165649414
2025-04-01 21:01:03 - INFO -   Checking iteration 4/10 (40.0%)...
2025-04-01 21:01:03 - INFO -   Iteration 4 score: 0.017696619033813477
2025-04-01 21:01:03 - INFO -   Checking iteration 5/10 (50.0%)...
2025-04-01 21:01:04 - INFO -   Iteration 5 score: 0.022774934768676758
2025-04-01 21:01:04 - INFO -   Checking iteration 6/10 (60.0%)...
2025-04-01 21:01:04 - INFO -   Iteration 6 score: 0.02015233039855957
2025-04-01 21:01:04 - INFO -   Checking iteration 7/10 (70.0%)...
2025-04-01 21:01:04 - INFO -   Iteration 7 score: 0.019627809524536133
2025-04-01 21:01:04 - INFO -   Checking iteration 8/10 (80.0%)...
2025-04-01 21:01:04 - INFO -   Iteration 8 score: 0.018602609634399414
2025-04-01 21:01:04 - INFO -   Checking iteration 9/10 (90.0%)...
2025-04-01 21:01:05 - INFO -   Iteration 9 score: 0.030887126922607422
2025-04-01 21:01:05 - INFO -   Checking iteration 10/10 (100.0%)...
2025-04-01 21:01:05 - INFO -   Iteration 10 score: 0.016987323760986328
2025-04-01 21:01:05 - INFO - Completed processing for entry ID 2
2025-04-01 21:01:05 - INFO - Processing entry 3/35 (ID: 3) - 5.7% complete
2025-04-01 21:01:05 - INFO -   Checking original text for entry 3...
2025-04-01 21:01:05 - INFO -   Original text score: 2.6037871837615967
2025-04-01 21:01:05 - INFO -   Checking summarized text for entry 3...
2025-04-01 21:01:05 - INFO -   Summarized text score: 0.10116696357727051
2025-04-01 21:01:05 - INFO -   Processing 10 iterations for entry 3...
2025-04-01 21:01:05 - INFO -   Checking iteration 1/10 (10.0%)...
2025-04-01 21:01:05 - INFO -   Iteration 1 score: 43.861234188079834
2025-04-01 21:01:05 - INFO -   Checking iteration 2/10 (20.0%)...
2025-04-01 21:01:06 - INFO -   Iteration 2 score: 0.39542317390441895
2025-04-01 21:01:06 - INFO -   Checking iteration 3/10 (30.0%)...
2025-04-01 21:01:06 - INFO -   Iteration 3 score: 1.276254653930664
2025-04-01 21:01:06 - INFO -   Checking iteration 4/10 (40.0%)...
2025-04-01 21:01:06 - INFO -   Iteration 4 score: 0.02059340476989746
2025-04-01 21:01:06 - INFO -   Checking iteration 5/10 (50.0%)...
2025-04-01 21:01:06 - INFO -   Iteration 5 score: 0.15642046928405762
2025-04-01 21:01:06 - INFO -   Checking iteration 6/10 (60.0%)...
2025-04-01 21:01:06 - INFO -   Iteration 6 score: 0.37729740142822266
2025-04-01 21:01:07 - INFO -   Checking iteration 7/10 (70.0%)...
2025-04-01 21:01:07 - INFO -   Iteration 7 score: 0.05023479461669922
2025-04-01 21:01:07 - INFO -   Checking iteration 8/10 (80.0%)...
2025-04-01 21:01:07 - INFO -   Iteration 8 score: 0.016927719116210938
2025-04-01 21:01:07 - INFO -   Checking iteration 9/10 (90.0%)...
2025-04-01 21:01:07 - INFO -   Iteration 9 score: 3.2982051372528076
2025-04-01 21:01:07 - INFO -   Checking iteration 10/10 (100.0%)...
2025-04-01 21:01:07 - INFO -   Iteration 10 score: 0.03082752227783203
2025-04-01 21:01:08 - INFO - Completed processing for entry ID 3
2025-04-01 21:01:08 - INFO - Processing entry 4/35 (ID: 4) - 8.6% complete
2025-04-01 21:01:08 - INFO -   Checking original text for entry 4...
2025-04-01 21:01:08 - INFO -   Original text score: 79.973204433918
2025-04-01 21:01:08 - INFO -   Checking summarized text for entry 4...
2025-04-01 21:01:08 - INFO -   Summarized text score: 54.06699478626251
2025-04-01 21:01:08 - INFO -   Processing 10 iterations for entry 4...
2025-04-01 21:01:08 - INFO -   Checking iteration 1/10 (10.0%)...
2025-04-01 21:01:08 - INFO -   Iteration 1 score: 0.019222497940063477
2025-04-01 21:01:08 - INFO -   Checking iteration 2/10 (20.0%)...
2025-04-01 21:01:08 - INFO -   Iteration 2 score: 0.01709461212158203
2025-04-01 21:01:08 - INFO -   Checking iteration 3/10 (30.0%)...
2025-04-01 21:01:08 - INFO -   Iteration 3 score: 0.030755996704101562
2025-04-01 21:01:09 - INFO -   Checking iteration 4/10 (40.0%)...
2025-04-01 21:01:09 - INFO -   Iteration 4 score: 0.09624958038330078
2025-04-01 21:01:09 - INFO -   Checking iteration 5/10 (50.0%)...
2025-04-01 21:01:09 - INFO -   Iteration 5 score: 0.022548437118530273
2025-04-01 21:01:09 - INFO -   Checking iteration 6/10 (60.0%)...
2025-04-01 21:01:09 - INFO -   Iteration 6 score: 0.03095865249633789
2025-04-01 21:01:09 - INFO -   Checking iteration 7/10 (70.0%)...
2025-04-01 21:01:09 - INFO -   Iteration 7 score: 0.017011165618896484
2025-04-01 21:01:09 - INFO -   Checking iteration 8/10 (80.0%)...
2025-04-01 21:01:10 - INFO -   Iteration 8 score: 0.026720762252807617
2025-04-01 21:01:10 - INFO -   Checking iteration 9/10 (90.0%)...
2025-04-01 21:01:10 - INFO -   Iteration 9 score: 0.018399953842163086
2025-04-01 21:01:10 - INFO -   Checking iteration 10/10 (100.0%)...
2025-04-01 21:01:10 - INFO -   Iteration 10 score: 0.01754164695739746
2025-04-01 21:01:10 - INFO - Completed processing for entry ID 4
2025-04-01 21:01:10 - INFO - Processing entry 5/35 (ID: 5) - 11.4% complete
2025-04-01 21:01:10 - INFO -   Checking original text for entry 5...
2025-04-01 21:01:10 - INFO -   Original text score: 90.61204493045807
2025-04-01 21:01:10 - INFO -   Checking summarized text for entry 5...
2025-04-01 21:01:10 - INFO -   Summarized text score: 11.97400689125061
2025-04-01 21:01:10 - INFO -   Processing 10 iterations for entry 5...
2025-04-01 21:01:10 - INFO -   Checking iteration 1/10 (10.0%)...
2025-04-01 21:01:10 - INFO -   Iteration 1 score: 1.334977149963379
2025-04-01 21:01:11 - INFO -   Checking iteration 2/10 (20.0%)...
2025-04-01 21:01:11 - INFO -   Iteration 2 score: 14.811056852340698
2025-04-01 21:01:11 - INFO -   Checking iteration 3/10 (30.0%)...
2025-04-01 21:01:11 - INFO -   Iteration 3 score: 3.680342435836792
2025-04-01 21:01:11 - INFO -   Checking iteration 4/10 (40.0%)...
2025-04-01 21:01:11 - INFO -   Iteration 4 score: 0.2342820167541504
2025-04-01 21:01:11 - INFO -   Checking iteration 5/10 (50.0%)...
2025-04-01 21:01:11 - INFO -   Iteration 5 score: 0.02308487892150879
2025-04-01 21:01:11 - INFO -   Checking iteration 6/10 (60.0%)...
2025-04-01 21:01:12 - INFO -   Iteration 6 score: 0.017327070236206055
2025-04-01 21:01:12 - INFO -   Checking iteration 7/10 (70.0%)...
2025-04-01 21:01:12 - INFO -   Iteration 7 score: 16.31719470024109
2025-04-01 21:01:12 - INFO -   Checking iteration 8/10 (80.0%)...
2025-04-01 21:01:12 - INFO -   Iteration 8 score: 0.14688968658447266
2025-04-01 21:01:12 - INFO -   Checking iteration 9/10 (90.0%)...
2025-04-01 21:01:12 - INFO -   Iteration 9 score: 0.653451681137085
2025-04-01 21:01:12 - INFO -   Checking iteration 10/10 (100.0%)...
2025-04-01 21:01:13 - INFO -   Iteration 10 score: 0.14154911041259766
2025-04-01 21:01:13 - INFO - Completed processing for entry ID 5
2025-04-01 21:01:13 - INFO - Processing entry 6/35 (ID: 6) - 14.3% complete
2025-04-01 21:01:13 - INFO -   Checking original text for entry 6...
2025-04-01 21:01:13 - INFO -   Original text score: 98.46613490954041
2025-04-01 21:01:13 - INFO -   Checking summarized text for entry 6...
2025-04-01 21:01:13 - INFO -   Summarized text score: 18.1707501411438
2025-04-01 21:01:13 - INFO -   Processing 10 iterations for entry 6...
2025-04-01 21:01:13 - INFO -   Checking iteration 1/10 (10.0%)...
2025-04-01 21:01:13 - INFO -   Iteration 1 score: 0.017529726028442383
2025-04-01 21:01:13 - INFO -   Checking iteration 2/10 (20.0%)...
2025-04-01 21:01:13 - INFO -   Iteration 2 score: 30.09052872657776
2025-04-01 21:01:13 - INFO -   Checking iteration 3/10 (30.0%)...
2025-04-01 21:01:13 - INFO -   Iteration 3 score: 0.13486742973327637
2025-04-01 21:01:14 - INFO -   Checking iteration 4/10 (40.0%)...
2025-04-01 21:01:14 - INFO -   Iteration 4 score: 0.2854764461517334
2025-04-01 21:01:14 - INFO -   Checking iteration 5/10 (50.0%)...
2025-04-01 21:01:14 - INFO -   Iteration 5 score: 0.05638003349304199
2025-04-01 21:01:14 - INFO -   Checking iteration 6/10 (60.0%)...
2025-04-01 21:01:14 - INFO -   Iteration 6 score: 0.48664212226867676
2025-04-01 21:01:14 - INFO -   Checking iteration 7/10 (70.0%)...
2025-04-01 21:01:14 - INFO -   Iteration 7 score: 0.0231325626373291
2025-04-01 21:01:14 - INFO -   Checking iteration 8/10 (80.0%)...
2025-04-01 21:01:15 - INFO -   Iteration 8 score: 0.02047419548034668
2025-04-01 21:01:15 - INFO -   Checking iteration 9/10 (90.0%)...
2025-04-01 21:01:15 - INFO -   Iteration 9 score: 0.01672506332397461
2025-04-01 21:01:15 - INFO -   Checking iteration 10/10 (100.0%)...
2025-04-01 21:01:15 - INFO -   Iteration 10 score: 0.01678466796875
2025-04-01 21:01:15 - INFO - Completed processing for entry ID 6
2025-04-01 21:01:15 - INFO - Processing entry 7/35 (ID: 7) - 17.1% complete
2025-04-01 21:01:15 - INFO -   Checking original text for entry 7...
2025-04-01 21:01:15 - INFO -   Original text score: 0.021761655807495117
2025-04-01 21:01:15 - INFO -   Checking summarized text for entry 7...
2025-04-01 21:01:16 - INFO -   Summarized text score: 91.75126403570175
2025-04-01 21:01:16 - INFO -   Processing 10 iterations for entry 7...
2025-04-01 21:01:16 - INFO -   Checking iteration 1/10 (10.0%)...
2025-04-01 21:01:16 - INFO -   Iteration 1 score: 2.4492084980010986
2025-04-01 21:01:16 - INFO -   Checking iteration 2/10 (20.0%)...
2025-04-01 21:01:16 - INFO -   Iteration 2 score: 0.024503469467163086
2025-04-01 21:01:16 - INFO -   Checking iteration 3/10 (30.0%)...
2025-04-01 21:01:16 - INFO -   Iteration 3 score: 3.270852565765381
2025-04-01 21:01:16 - INFO -   Checking iteration 4/10 (40.0%)...
2025-04-01 21:01:16 - INFO -   Iteration 4 score: 0.017154216766357422
2025-04-01 21:01:16 - INFO -   Checking iteration 5/10 (50.0%)...
2025-04-01 21:01:17 - INFO -   Iteration 5 score: 54.17281985282898
2025-04-01 21:01:17 - INFO -   Checking iteration 6/10 (60.0%)...
2025-04-01 21:01:17 - INFO -   Iteration 6 score: 0.12010335922241211
2025-04-01 21:01:17 - INFO -   Checking iteration 7/10 (70.0%)...
2025-04-01 21:01:17 - INFO -   Iteration 7 score: 3.511112928390503
2025-04-01 21:01:17 - INFO -   Checking iteration 8/10 (80.0%)...
2025-04-01 21:01:17 - INFO -   Iteration 8 score: 0.03479719161987305
2025-04-01 21:01:17 - INFO -   Checking iteration 9/10 (90.0%)...
2025-04-01 21:01:18 - INFO -   Iteration 9 score: 45.34541368484497
2025-04-01 21:01:18 - INFO -   Checking iteration 10/10 (100.0%)...
2025-04-01 21:01:18 - INFO -   Iteration 10 score: 0.017434358596801758
2025-04-01 21:01:18 - INFO - Completed processing for entry ID 7
2025-04-01 21:01:18 - INFO - Processing entry 8/35 (ID: 8) - 20.0% complete
2025-04-01 21:01:18 - INFO -   Checking original text for entry 8...
2025-04-01 21:01:18 - INFO -   Original text score: 98.15504942089319
2025-04-01 21:01:18 - INFO -   Checking summarized text for entry 8...
2025-04-01 21:01:18 - INFO -   Summarized text score: 0.26577115058898926
2025-04-01 21:01:18 - INFO -   Processing 10 iterations for entry 8...
2025-04-01 21:01:18 - INFO -   Checking iteration 1/10 (10.0%)...
2025-04-01 21:01:18 - INFO -   Iteration 1 score: 1.1083245277404785
2025-04-01 21:01:19 - INFO -   Checking iteration 2/10 (20.0%)...
2025-04-01 21:01:19 - INFO -   Iteration 2 score: 2.8211653232574463
2025-04-01 21:01:19 - INFO -   Checking iteration 3/10 (30.0%)...
2025-04-01 21:01:19 - INFO -   Iteration 3 score: 0.9725749492645264
2025-04-01 21:01:19 - INFO -   Checking iteration 4/10 (40.0%)...
2025-04-01 21:01:19 - INFO -   Iteration 4 score: 30.55909276008606
2025-04-01 21:01:19 - INFO -   Checking iteration 5/10 (50.0%)...
2025-04-01 21:01:19 - INFO -   Iteration 5 score: 1.2622654438018799
2025-04-01 21:01:20 - INFO -   Checking iteration 6/10 (60.0%)...
2025-04-01 21:01:20 - INFO -   Iteration 6 score: 0.06392598152160645
2025-04-01 21:01:20 - INFO -   Checking iteration 7/10 (70.0%)...
2025-04-01 21:01:20 - INFO -   Iteration 7 score: 0.0437319278717041
2025-04-01 21:01:20 - INFO -   Checking iteration 8/10 (80.0%)...
2025-04-01 21:01:20 - INFO -   Iteration 8 score: 0.018578767776489258
2025-04-01 21:01:20 - INFO -   Checking iteration 9/10 (90.0%)...
2025-04-01 21:01:20 - INFO -   Iteration 9 score: 0.040024518966674805
2025-04-01 21:01:21 - INFO -   Checking iteration 10/10 (100.0%)...
2025-04-01 21:01:21 - INFO -   Iteration 10 score: 1.0434389114379883
2025-04-01 21:01:21 - INFO - Completed processing for entry ID 8
2025-04-01 21:01:21 - INFO - Processing entry 9/35 (ID: 9) - 22.9% complete
2025-04-01 21:01:21 - INFO -   Checking original text for entry 9...
2025-04-01 21:01:21 - INFO -   Original text score: 0.12751221656799316
2025-04-01 21:01:21 - INFO -   Checking summarized text for entry 9...
2025-04-01 21:01:21 - INFO -   Summarized text score: 0.07545948028564453
2025-04-01 21:01:21 - INFO -   Processing 10 iterations for entry 9...
2025-04-01 21:01:21 - INFO -   Checking iteration 1/10 (10.0%)...
2025-04-01 21:01:21 - INFO -   Iteration 1 score: 0.019747018814086914
2025-04-01 21:01:21 - INFO -   Checking iteration 2/10 (20.0%)...
2025-04-01 21:01:22 - INFO -   Iteration 2 score: 0.01798272132873535
2025-04-01 21:01:22 - INFO -   Checking iteration 3/10 (30.0%)...
2025-04-01 21:01:22 - INFO -   Iteration 3 score: 0.017201900482177734
2025-04-01 21:01:22 - INFO -   Checking iteration 4/10 (40.0%)...
2025-04-01 21:01:22 - INFO -   Iteration 4 score: 0.01691579818725586
2025-04-01 21:01:22 - INFO -   Checking iteration 5/10 (50.0%)...
2025-04-01 21:01:22 - INFO -   Iteration 5 score: 0.019675493240356445
2025-04-01 21:01:22 - INFO -   Checking iteration 6/10 (60.0%)...
2025-04-01 21:01:23 - INFO -   Iteration 6 score: 99.98035384196555
2025-04-01 21:01:23 - INFO -   Checking iteration 7/10 (70.0%)...
2025-04-01 21:01:23 - INFO -   Iteration 7 score: 0.019305944442749023
2025-04-01 21:01:23 - INFO -   Checking iteration 8/10 (80.0%)...
2025-04-01 21:01:23 - INFO -   Iteration 8 score: 0.01685619354248047
2025-04-01 21:01:23 - INFO -   Checking iteration 9/10 (90.0%)...
2025-04-01 21:01:23 - INFO -   Iteration 9 score: 0.017070770263671875
2025-04-01 21:01:24 - INFO -   Checking iteration 10/10 (100.0%)...
2025-04-01 21:01:24 - INFO -   Iteration 10 score: 0.018662214279174805
2025-04-01 21:01:24 - INFO - Completed processing for entry ID 9
2025-04-01 21:01:24 - INFO - Processing entry 10/35 (ID: 10) - 25.7% complete
2025-04-01 21:01:24 - INFO -   Checking original text for entry 10...
2025-04-01 21:01:24 - INFO -   Original text score: 51.455435156822205
2025-04-01 21:01:24 - INFO -   Checking summarized text for entry 10...
2025-04-01 21:01:24 - INFO -   Summarized text score: 27.539056539535522
2025-04-01 21:01:24 - INFO -   Processing 10 iterations for entry 10...
2025-04-01 21:01:24 - INFO -   Checking iteration 1/10 (10.0%)...
2025-04-01 21:01:24 - INFO -   Iteration 1 score: 88.07800263166428
2025-04-01 21:01:24 - INFO -   Checking iteration 2/10 (20.0%)...
2025-04-01 21:01:24 - INFO -   Iteration 2 score: 0.019222497940063477
2025-04-01 21:01:25 - INFO -   Checking iteration 3/10 (30.0%)...
2025-04-01 21:01:25 - INFO -   Iteration 3 score: 0.0698089599609375
2025-04-01 21:01:25 - INFO -   Checking iteration 4/10 (40.0%)...
2025-04-01 21:01:25 - INFO -   Iteration 4 score: 0.03377199172973633
2025-04-01 21:01:25 - INFO -   Checking iteration 5/10 (50.0%)...
2025-04-01 21:01:25 - INFO -   Iteration 5 score: 0.01830458641052246
2025-04-01 21:01:25 - INFO -   Checking iteration 6/10 (60.0%)...
2025-04-01 21:01:25 - INFO -   Iteration 6 score: 0.017142295837402344
2025-04-01 21:01:26 - INFO -   Checking iteration 7/10 (70.0%)...
2025-04-01 21:01:26 - INFO -   Iteration 7 score: 99.95902093069162
2025-04-01 21:01:26 - INFO -   Checking iteration 8/10 (80.0%)...
2025-04-01 21:01:26 - INFO -   Iteration 8 score: 0.0237882137298584
2025-04-01 21:01:26 - INFO -   Checking iteration 9/10 (90.0%)...
2025-04-01 21:01:26 - INFO -   Iteration 9 score: 0.031232833862304688
2025-04-01 21:01:26 - INFO -   Checking iteration 10/10 (100.0%)...
2025-04-01 21:01:27 - INFO -   Iteration 10 score: 0.028687715530395508
2025-04-01 21:01:27 - INFO - Completed processing for entry ID 10
2025-04-01 21:01:27 - INFO - Processing entry 11/35 (ID: 11) - 28.6% complete
2025-04-01 21:01:27 - INFO -   Checking original text for entry 11...
2025-04-01 21:01:27 - INFO -   Original text score: 18.501341342926025
2025-04-01 21:01:27 - INFO -   Checking summarized text for entry 11...
2025-04-01 21:01:27 - INFO -   Summarized text score: 0.115203857421875
2025-04-01 21:01:27 - INFO -   Processing 10 iterations for entry 11...
2025-04-01 21:01:27 - INFO -   Checking iteration 1/10 (10.0%)...
2025-04-01 21:01:27 - INFO -   Iteration 1 score: 8.722776174545288
2025-04-01 21:01:27 - INFO -   Checking iteration 2/10 (20.0%)...
2025-04-01 21:01:27 - INFO -   Iteration 2 score: 0.14197826385498047
2025-04-01 21:01:28 - INFO -   Checking iteration 3/10 (30.0%)...
2025-04-01 21:01:28 - INFO -   Iteration 3 score: 0.027698278427124023
2025-04-01 21:01:28 - INFO -   Checking iteration 4/10 (40.0%)...
2025-04-01 21:01:28 - INFO -   Iteration 4 score: 0.023537874221801758
2025-04-01 21:01:28 - INFO -   Checking iteration 5/10 (50.0%)...
2025-04-01 21:01:28 - INFO -   Iteration 5 score: 0.01736283302307129
2025-04-01 21:01:28 - INFO -   Checking iteration 6/10 (60.0%)...
2025-04-01 21:01:28 - INFO -   Iteration 6 score: 0.031876564025878906
2025-04-01 21:01:29 - INFO -   Checking iteration 7/10 (70.0%)...
2025-04-01 21:01:29 - INFO -   Iteration 7 score: 0.15613436698913574
2025-04-01 21:01:29 - INFO -   Checking iteration 8/10 (80.0%)...
2025-04-01 21:01:29 - INFO -   Iteration 8 score: 0.02893805503845215
2025-04-01 21:01:29 - INFO -   Checking iteration 9/10 (90.0%)...
2025-04-01 21:01:29 - INFO -   Iteration 9 score: 0.020259618759155273
2025-04-01 21:01:29 - INFO -   Checking iteration 10/10 (100.0%)...
2025-04-01 21:01:29 - INFO -   Iteration 10 score: 0.01831650733947754
2025-04-01 21:01:29 - INFO - Completed processing for entry ID 11
2025-04-01 21:01:30 - INFO - Processing entry 12/35 (ID: 12) - 31.4% complete
2025-04-01 21:01:30 - INFO -   Checking original text for entry 12...
2025-04-01 21:01:30 - INFO -   Original text score: 0.0704050064086914
2025-04-01 21:01:30 - INFO -   Checking summarized text for entry 12...
2025-04-01 21:01:30 - INFO -   Summarized text score: 99.96276946621947
2025-04-01 21:01:30 - INFO -   Processing 10 iterations for entry 12...
2025-04-01 21:01:30 - INFO -   Checking iteration 1/10 (10.0%)...
2025-04-01 21:01:30 - INFO -   Iteration 1 score: 0.07143616676330566
2025-04-01 21:01:30 - INFO -   Checking iteration 2/10 (20.0%)...
2025-04-01 21:01:30 - INFO -   Iteration 2 score: 99.96020823018625
2025-04-01 21:01:30 - INFO -   Checking iteration 3/10 (30.0%)...
2025-04-01 21:01:30 - INFO -   Iteration 3 score: 8.846092224121094
2025-04-01 21:01:31 - INFO -   Checking iteration 4/10 (40.0%)...
2025-04-01 21:01:31 - INFO -   Iteration 4 score: 0.3229856491088867
2025-04-01 21:01:31 - INFO -   Checking iteration 5/10 (50.0%)...
2025-04-01 21:01:31 - INFO -   Iteration 5 score: 0.03591775894165039
2025-04-01 21:01:31 - INFO -   Checking iteration 6/10 (60.0%)...
2025-04-01 21:01:31 - INFO -   Iteration 6 score: 0.016880035400390625
2025-04-01 21:01:31 - INFO -   Checking iteration 7/10 (70.0%)...
2025-04-01 21:01:32 - INFO -   Iteration 7 score: 0.018030405044555664
2025-04-01 21:01:32 - INFO -   Checking iteration 8/10 (80.0%)...
2025-04-01 21:01:32 - INFO -   Iteration 8 score: 0.27208924293518066
2025-04-01 21:01:32 - INFO -   Checking iteration 9/10 (90.0%)...
2025-04-01 21:01:32 - INFO -   Iteration 9 score: 0.017327070236206055
2025-04-01 21:01:33 - INFO -   Checking iteration 10/10 (100.0%)...
2025-04-01 21:01:33 - INFO -   Iteration 10 score: 0.017887353897094727
2025-04-01 21:01:33 - INFO - Completed processing for entry ID 12
2025-04-01 21:01:33 - INFO - Processing entry 13/35 (ID: 13) - 34.3% complete
2025-04-01 21:01:33 - INFO -   Checking original text for entry 13...
2025-04-01 21:01:33 - INFO -   Original text score: 99.94615917094052
2025-04-01 21:01:33 - INFO -   Checking summarized text for entry 13...
2025-04-01 21:01:33 - INFO -   Summarized text score: 8.062684535980225
2025-04-01 21:01:33 - INFO -   Processing 10 iterations for entry 13...
2025-04-01 21:01:33 - INFO -   Checking iteration 1/10 (10.0%)...
2025-04-01 21:01:33 - INFO -   Iteration 1 score: 38.03814649581909
2025-04-01 21:01:33 - INFO -   Checking iteration 2/10 (20.0%)...
2025-04-01 21:01:33 - INFO -   Iteration 2 score: 0.24759173393249512
2025-04-01 21:01:33 - INFO -   Checking iteration 3/10 (30.0%)...
2025-04-01 21:01:34 - INFO -   Iteration 3 score: 0.07823705673217773
2025-04-01 21:01:34 - INFO -   Checking iteration 4/10 (40.0%)...
2025-04-01 21:01:34 - INFO -   Iteration 4 score: 0.016891956329345703
2025-04-01 21:01:34 - INFO -   Checking iteration 5/10 (50.0%)...
2025-04-01 21:01:34 - INFO -   Iteration 5 score: 0.02759099006652832
2025-04-01 21:01:34 - INFO -   Checking iteration 6/10 (60.0%)...
2025-04-01 21:01:34 - INFO -   Iteration 6 score: 0.1396477222442627
2025-04-01 21:01:34 - INFO -   Checking iteration 7/10 (70.0%)...
2025-04-01 21:01:34 - INFO -   Iteration 7 score: 0.018078088760375977
2025-04-01 21:01:35 - INFO -   Checking iteration 8/10 (80.0%)...
2025-04-01 21:01:35 - INFO -   Iteration 8 score: 0.2763688564300537
2025-04-01 21:01:35 - INFO -   Checking iteration 9/10 (90.0%)...
2025-04-01 21:01:35 - INFO -   Iteration 9 score: 46.37998938560486
2025-04-01 21:01:35 - INFO -   Checking iteration 10/10 (100.0%)...
2025-04-01 21:01:35 - INFO -   Iteration 10 score: 0.9276807308197021
2025-04-01 21:01:36 - INFO - Completed processing for entry ID 13
2025-04-01 21:01:36 - INFO - Processing entry 14/35 (ID: 14) - 37.1% complete
2025-04-01 21:01:36 - INFO -   Checking original text for entry 14...
2025-04-01 21:01:36 - INFO -   Original text score: 0.15418529510498047
2025-04-01 21:01:36 - INFO -   Checking summarized text for entry 14...
2025-04-01 21:01:36 - INFO -   Summarized text score: 14.617681503295898
2025-04-01 21:01:36 - INFO -   Processing 10 iterations for entry 14...
2025-04-01 21:01:36 - INFO -   Checking iteration 1/10 (10.0%)...
2025-04-01 21:01:36 - INFO -   Iteration 1 score: 0.32605528831481934
2025-04-01 21:01:36 - INFO -   Checking iteration 2/10 (20.0%)...
2025-04-01 21:01:36 - INFO -   Iteration 2 score: 0.019091367721557617
2025-04-01 21:01:36 - INFO -   Checking iteration 3/10 (30.0%)...
2025-04-01 21:01:36 - INFO -   Iteration 3 score: 0.06317496299743652
2025-04-01 21:01:36 - INFO -   Checking iteration 4/10 (40.0%)...
2025-04-01 21:01:37 - INFO -   Iteration 4 score: 0.31884312629699707
2025-04-01 21:01:37 - INFO -   Checking iteration 5/10 (50.0%)...
2025-04-01 21:01:37 - INFO -   Iteration 5 score: 0.017446279525756836
2025-04-01 21:01:37 - INFO -   Checking iteration 6/10 (60.0%)...
2025-04-01 21:01:37 - INFO -   Iteration 6 score: 0.05447268486022949
2025-04-01 21:01:37 - INFO -   Checking iteration 7/10 (70.0%)...
2025-04-01 21:01:38 - INFO -   Iteration 7 score: 0.017648935317993164
2025-04-01 21:01:38 - INFO -   Checking iteration 8/10 (80.0%)...
2025-04-01 21:01:38 - INFO -   Iteration 8 score: 0.31884312629699707
2025-04-01 21:01:38 - INFO -   Checking iteration 9/10 (90.0%)...
2025-04-01 21:01:38 - INFO -   Iteration 9 score: 0.024682283401489258
2025-04-01 21:01:38 - INFO -   Checking iteration 10/10 (100.0%)...
2025-04-01 21:01:38 - INFO -   Iteration 10 score: 0.049614906311035156
2025-04-01 21:01:39 - INFO - Completed processing for entry ID 14
2025-04-01 21:01:39 - INFO - Processing entry 15/35 (ID: 15) - 40.0% complete
2025-04-01 21:01:39 - INFO -   Checking original text for entry 15...
2025-04-01 21:01:39 - INFO -   Original text score: 3.1520843505859375
2025-04-01 21:01:39 - INFO -   Checking summarized text for entry 15...
2025-04-01 21:01:39 - INFO -   Summarized text score: 0.03064870834350586
2025-04-01 21:01:39 - INFO -   Processing 10 iterations for entry 15...
2025-04-01 21:01:39 - INFO -   Checking iteration 1/10 (10.0%)...
2025-04-01 21:01:39 - INFO -   Iteration 1 score: 62.35456466674805
2025-04-01 21:01:39 - INFO -   Checking iteration 2/10 (20.0%)...
2025-04-01 21:01:39 - INFO -   Iteration 2 score: 0.022846460342407227
2025-04-01 21:01:39 - INFO -   Checking iteration 3/10 (30.0%)...
2025-04-01 21:01:39 - INFO -   Iteration 3 score: 0.04621744155883789
2025-04-01 21:01:39 - INFO -   Checking iteration 4/10 (40.0%)...
2025-04-01 21:01:40 - INFO -   Iteration 4 score: 0.365215539932251
2025-04-01 21:01:40 - INFO -   Checking iteration 5/10 (50.0%)...
2025-04-01 21:01:40 - INFO -   Iteration 5 score: 0.11796355247497559
2025-04-01 21:01:40 - INFO -   Checking iteration 6/10 (60.0%)...
2025-04-01 21:01:40 - INFO -   Iteration 6 score: 0.715792179107666
2025-04-01 21:01:40 - INFO -   Checking iteration 7/10 (70.0%)...
2025-04-01 21:01:41 - INFO -   Iteration 7 score: 0.07926821708679199
2025-04-01 21:01:41 - INFO -   Checking iteration 8/10 (80.0%)...
2025-04-01 21:01:41 - INFO -   Iteration 8 score: 0.35890936851501465
2025-04-01 21:01:41 - INFO -   Checking iteration 9/10 (90.0%)...
2025-04-01 21:01:42 - INFO -   Iteration 9 score: 0.05060434341430664
2025-04-01 21:01:42 - INFO -   Checking iteration 10/10 (100.0%)...
2025-04-01 21:01:42 - INFO -   Iteration 10 score: 0.018268823623657227
2025-04-01 21:01:42 - INFO - Completed processing for entry ID 15
2025-04-01 21:01:42 - INFO - Processing entry 16/35 (ID: 16) - 42.9% complete
2025-04-01 21:01:42 - INFO -   Checking original text for entry 16...
2025-04-01 21:01:43 - INFO -   Original text score: 3.424006700515747
2025-04-01 21:01:43 - INFO -   Checking summarized text for entry 16...
2025-04-01 21:01:43 - INFO -   Summarized text score: 0.618201494216919
2025-04-01 21:01:43 - INFO -   Processing 10 iterations for entry 16...
2025-04-01 21:01:43 - INFO -   Checking iteration 1/10 (10.0%)...
2025-04-01 21:01:43 - INFO -   Iteration 1 score: 0.02047419548034668
2025-04-01 21:01:43 - INFO -   Checking iteration 2/10 (20.0%)...
2025-04-01 21:01:43 - INFO -   Iteration 2 score: 0.07339119911193848
2025-04-01 21:01:43 - INFO -   Checking iteration 3/10 (30.0%)...
2025-04-01 21:01:43 - INFO -   Iteration 3 score: 0.1538395881652832
2025-04-01 21:01:43 - INFO -   Checking iteration 4/10 (40.0%)...
2025-04-01 21:01:44 - INFO -   Iteration 4 score: 0.01690387725830078
2025-04-01 21:01:44 - INFO -   Checking iteration 5/10 (50.0%)...
2025-04-01 21:01:44 - INFO -   Iteration 5 score: 1.0173320770263672
2025-04-01 21:01:44 - INFO -   Checking iteration 6/10 (60.0%)...
2025-04-01 21:01:44 - INFO -   Iteration 6 score: 0.017213821411132812
2025-04-01 21:01:44 - INFO -   Checking iteration 7/10 (70.0%)...
2025-04-01 21:01:44 - INFO -   Iteration 7 score: 0.04382729530334473
2025-04-01 21:01:45 - INFO -   Checking iteration 8/10 (80.0%)...
2025-04-01 21:01:45 - INFO -   Iteration 8 score: 0.07422566413879395
2025-04-01 21:01:45 - INFO -   Checking iteration 9/10 (90.0%)...
2025-04-01 21:01:45 - INFO -   Iteration 9 score: 1.6176342964172363
2025-04-01 21:01:45 - INFO -   Checking iteration 10/10 (100.0%)...
2025-04-01 21:01:45 - INFO -   Iteration 10 score: 0.01798272132873535
2025-04-01 21:01:45 - INFO - Completed processing for entry ID 16
2025-04-01 21:01:45 - INFO - Processing entry 17/35 (ID: 17) - 45.7% complete
2025-04-01 21:01:45 - INFO -   Checking original text for entry 17...
2025-04-01 21:01:46 - INFO -   Original text score: 0.02174973487854004
2025-04-01 21:01:46 - INFO -   Checking summarized text for entry 17...
2025-04-01 21:01:46 - INFO -   Summarized text score: 17.49206781387329
2025-04-01 21:01:46 - INFO -   Processing 10 iterations for entry 17...
2025-04-01 21:01:46 - INFO -   Checking iteration 1/10 (10.0%)...
2025-04-01 21:01:46 - INFO -   Iteration 1 score: 0.2476036548614502
2025-04-01 21:01:46 - INFO -   Checking iteration 2/10 (20.0%)...
2025-04-01 21:01:47 - INFO -   Iteration 2 score: 0.030505657196044922
2025-04-01 21:01:47 - INFO -   Checking iteration 3/10 (30.0%)...
2025-04-01 21:01:47 - INFO -   Iteration 3 score: 0.031006336212158203
2025-04-01 21:01:47 - INFO -   Checking iteration 4/10 (40.0%)...
2025-04-01 21:01:48 - INFO -   Iteration 4 score: 0.2773463726043701
2025-04-01 21:01:48 - INFO -   Checking iteration 5/10 (50.0%)...
2025-04-01 21:01:48 - INFO -   Iteration 5 score: 0.017249584197998047
2025-04-01 21:01:48 - INFO -   Checking iteration 6/10 (60.0%)...
2025-04-01 21:01:48 - INFO -   Iteration 6 score: 0.027698278427124023
2025-04-01 21:01:48 - INFO -   Checking iteration 7/10 (70.0%)...
2025-04-01 21:01:49 - INFO -   Iteration 7 score: 0.032067298889160156
2025-04-01 21:01:49 - INFO -   Checking iteration 8/10 (80.0%)...
2025-04-01 21:01:49 - INFO -   Iteration 8 score: 0.019878149032592773
2025-04-01 21:01:49 - INFO -   Checking iteration 9/10 (90.0%)...
2025-04-01 21:01:49 - INFO -   Iteration 9 score: 0.017839670181274414
2025-04-01 21:01:49 - INFO -   Checking iteration 10/10 (100.0%)...
2025-04-01 21:01:50 - INFO -   Iteration 10 score: 0.017458200454711914
2025-04-01 21:01:50 - INFO - Completed processing for entry ID 17
2025-04-01 21:01:50 - INFO - Processing entry 18/35 (ID: 18) - 48.6% complete
2025-04-01 21:01:50 - INFO -   Checking original text for entry 18...
2025-04-01 21:01:50 - INFO -   Original text score: 80.29850572347641
2025-04-01 21:01:50 - INFO -   Checking summarized text for entry 18...
2025-04-01 21:01:50 - INFO -   Summarized text score: 51.75653398036957
2025-04-01 21:01:50 - INFO -   Processing 10 iterations for entry 18...
2025-04-01 21:01:50 - INFO -   Checking iteration 1/10 (10.0%)...
2025-04-01 21:01:50 - INFO -   Iteration 1 score: 3.7974417209625244
2025-04-01 21:01:50 - INFO -   Checking iteration 2/10 (20.0%)...
2025-04-01 21:01:50 - INFO -   Iteration 2 score: 0.11758208274841309
2025-04-01 21:01:50 - INFO -   Checking iteration 3/10 (30.0%)...
2025-04-01 21:01:50 - INFO -   Iteration 3 score: 1.2825489044189453
2025-04-01 21:01:51 - INFO -   Checking iteration 4/10 (40.0%)...
2025-04-01 21:01:51 - INFO -   Iteration 4 score: 0.2891957759857178
2025-04-01 21:01:51 - INFO -   Checking iteration 5/10 (50.0%)...
2025-04-01 21:01:51 - INFO -   Iteration 5 score: 0.017768144607543945
2025-04-01 21:01:51 - INFO -   Checking iteration 6/10 (60.0%)...
2025-04-01 21:01:51 - INFO -   Iteration 6 score: 0.06316304206848145
2025-04-01 21:01:51 - INFO -   Checking iteration 7/10 (70.0%)...
2025-04-01 21:01:51 - INFO -   Iteration 7 score: 0.053685903549194336
2025-04-01 21:01:51 - INFO -   Checking iteration 8/10 (80.0%)...
2025-04-01 21:01:52 - INFO -   Iteration 8 score: 0.03592967987060547
2025-04-01 21:01:52 - INFO -   Checking iteration 9/10 (90.0%)...
2025-04-01 21:01:52 - INFO -   Iteration 9 score: 0.02078413963317871
2025-04-01 21:01:52 - INFO -   Checking iteration 10/10 (100.0%)...
2025-04-01 21:01:52 - INFO -   Iteration 10 score: 0.0171661376953125
2025-04-01 21:01:52 - INFO - Completed processing for entry ID 18
2025-04-01 21:01:52 - INFO - Processing entry 19/35 (ID: 19) - 51.4% complete
2025-04-01 21:01:52 - INFO -   Checking original text for entry 19...
2025-04-01 21:01:52 - INFO -   Original text score: 7.319474220275879
2025-04-01 21:01:52 - INFO -   Checking summarized text for entry 19...
2025-04-01 21:01:52 - INFO -   Summarized text score: 0.5530357360839844
2025-04-01 21:01:52 - INFO -   Processing 10 iterations for entry 19...
2025-04-01 21:01:52 - INFO -   Checking iteration 1/10 (10.0%)...
2025-04-01 21:01:53 - INFO -   Iteration 1 score: 0.17243623733520508
2025-04-01 21:01:53 - INFO -   Checking iteration 2/10 (20.0%)...
2025-04-01 21:01:53 - INFO -   Iteration 2 score: 1.219034194946289
2025-04-01 21:01:53 - INFO -   Checking iteration 3/10 (30.0%)...
2025-04-01 21:01:53 - INFO -   Iteration 3 score: 10.587674379348755
2025-04-01 21:01:53 - INFO -   Checking iteration 4/10 (40.0%)...
2025-04-01 21:01:53 - INFO -   Iteration 4 score: 6.131452322006226
2025-04-01 21:01:53 - INFO -   Checking iteration 5/10 (50.0%)...
2025-04-01 21:01:53 - INFO -   Iteration 5 score: 2.044820785522461
2025-04-01 21:01:53 - INFO -   Checking iteration 6/10 (60.0%)...
2025-04-01 21:01:54 - INFO -   Iteration 6 score: 3.9993464946746826
2025-04-01 21:01:54 - INFO -   Checking iteration 7/10 (70.0%)...
2025-04-01 21:01:54 - INFO -   Iteration 7 score: 0.12728571891784668
2025-04-01 21:01:54 - INFO -   Checking iteration 8/10 (80.0%)...
2025-04-01 21:01:54 - INFO -   Iteration 8 score: 0.09465813636779785
2025-04-01 21:01:54 - INFO -   Checking iteration 9/10 (90.0%)...
2025-04-01 21:01:54 - INFO -   Iteration 9 score: 0.0231325626373291
2025-04-01 21:01:54 - INFO -   Checking iteration 10/10 (100.0%)...
2025-04-01 21:01:54 - INFO -   Iteration 10 score: 0.017970800399780273
2025-04-01 21:01:55 - INFO - Completed processing for entry ID 19
2025-04-01 21:01:55 - INFO - Processing entry 20/35 (ID: 20) - 54.3% complete
2025-04-01 21:01:55 - INFO -   Checking original text for entry 20...
2025-04-01 21:01:55 - INFO -   Original text score: 97.02945575118065
2025-04-01 21:01:55 - INFO -   Checking summarized text for entry 20...
2025-04-01 21:01:55 - INFO -   Summarized text score: 0.017696619033813477
2025-04-01 21:01:55 - INFO -   Processing 10 iterations for entry 20...
2025-04-01 21:01:55 - INFO -   Checking iteration 1/10 (10.0%)...
2025-04-01 21:01:55 - INFO -   Iteration 1 score: 0.036454200744628906
2025-04-01 21:01:55 - INFO -   Checking iteration 2/10 (20.0%)...
2025-04-01 21:01:56 - INFO -   Iteration 2 score: 0.09256601333618164
2025-04-01 21:01:56 - INFO -   Checking iteration 3/10 (30.0%)...
2025-04-01 21:01:56 - INFO -   Iteration 3 score: 0.01760125160217285
2025-04-01 21:01:56 - INFO -   Checking iteration 4/10 (40.0%)...
2025-04-01 21:01:56 - INFO -   Iteration 4 score: 0.0254213809967041
2025-04-01 21:01:56 - INFO -   Checking iteration 5/10 (50.0%)...
2025-04-01 21:01:56 - INFO -   Iteration 5 score: 0.1410067081451416
2025-04-01 21:01:57 - INFO -   Checking iteration 6/10 (60.0%)...
2025-04-01 21:01:57 - INFO -   Iteration 6 score: 0.025671720504760742
2025-04-01 21:01:57 - INFO -   Checking iteration 7/10 (70.0%)...
2025-04-01 21:01:57 - INFO -   Iteration 7 score: 0.016987323760986328
2025-04-01 21:01:57 - INFO -   Checking iteration 8/10 (80.0%)...
2025-04-01 21:01:57 - INFO -   Iteration 8 score: 0.02371668815612793
2025-04-01 21:01:57 - INFO -   Checking iteration 9/10 (90.0%)...
2025-04-01 21:01:58 - INFO -   Iteration 9 score: 0.019532442092895508
2025-04-01 21:01:58 - INFO -   Checking iteration 10/10 (100.0%)...
2025-04-01 21:01:58 - INFO -   Iteration 10 score: 0.022846460342407227
2025-04-01 21:01:58 - INFO - Completed processing for entry ID 20
2025-04-01 21:01:58 - INFO - Processing entry 21/35 (ID: 21) - 57.1% complete
2025-04-01 21:01:58 - INFO -   Checking original text for entry 21...
2025-04-01 21:01:58 - INFO -   Original text score: 0.02436041831970215
2025-04-01 21:01:58 - INFO -   Checking summarized text for entry 21...
2025-04-01 21:01:58 - INFO -   Summarized text score: 0.49471259117126465
2025-04-01 21:01:58 - INFO -   Processing 10 iterations for entry 21...
2025-04-01 21:01:58 - INFO -   Checking iteration 1/10 (10.0%)...
2025-04-01 21:01:58 - INFO -   Iteration 1 score: 0.8919060230255127
2025-04-01 21:01:58 - INFO -   Checking iteration 2/10 (20.0%)...
2025-04-01 21:01:59 - INFO -   Iteration 2 score: 13.414967060089111
2025-04-01 21:01:59 - INFO -   Checking iteration 3/10 (30.0%)...
2025-04-01 21:01:59 - INFO -   Iteration 3 score: 0.3558337688446045
2025-04-01 21:01:59 - INFO -   Checking iteration 4/10 (40.0%)...
2025-04-01 21:01:59 - INFO -   Iteration 4 score: 3.374016284942627
2025-04-01 21:01:59 - INFO -   Checking iteration 5/10 (50.0%)...
2025-04-01 21:01:59 - INFO -   Iteration 5 score: 0.021272897720336914
2025-04-01 21:01:59 - INFO -   Checking iteration 6/10 (60.0%)...
2025-04-01 21:01:59 - INFO -   Iteration 6 score: 0.24213194847106934
2025-04-01 21:02:00 - INFO -   Checking iteration 7/10 (70.0%)...
2025-04-01 21:02:00 - INFO -   Iteration 7 score: 0.034689903259277344
2025-04-01 21:02:00 - INFO -   Checking iteration 8/10 (80.0%)...
2025-04-01 21:02:00 - INFO -   Iteration 8 score: 19.97557282447815
2025-04-01 21:02:00 - INFO -   Checking iteration 9/10 (90.0%)...
2025-04-01 21:02:00 - INFO -   Iteration 9 score: 0.0171661376953125
2025-04-01 21:02:00 - INFO -   Checking iteration 10/10 (100.0%)...
2025-04-01 21:02:00 - INFO -   Iteration 10 score: 0.053244829177856445
2025-04-01 21:02:01 - INFO - Completed processing for entry ID 21
2025-04-01 21:02:01 - INFO - Processing entry 22/35 (ID: 22) - 60.0% complete
2025-04-01 21:02:01 - INFO -   Checking original text for entry 22...
2025-04-01 21:02:01 - INFO -   Original text score: 99.50532368384302
2025-04-01 21:02:01 - INFO -   Checking summarized text for entry 22...
2025-04-01 21:02:01 - INFO -   Summarized text score: 90.08265882730484
2025-04-01 21:02:01 - INFO -   Processing 10 iterations for entry 22...
2025-04-01 21:02:01 - INFO -   Checking iteration 1/10 (10.0%)...
2025-04-01 21:02:01 - INFO -   Iteration 1 score: 0.07548332214355469
2025-04-01 21:02:01 - INFO -   Checking iteration 2/10 (20.0%)...
2025-04-01 21:02:01 - INFO -   Iteration 2 score: 0.04104971885681152
2025-04-01 21:02:01 - INFO -   Checking iteration 3/10 (30.0%)...
2025-04-01 21:02:01 - INFO -   Iteration 3 score: 2.290952205657959
2025-04-01 21:02:01 - INFO -   Checking iteration 4/10 (40.0%)...
2025-04-01 21:02:02 - INFO -   Iteration 4 score: 7.4816107749938965
2025-04-01 21:02:02 - INFO -   Checking iteration 5/10 (50.0%)...
2025-04-01 21:02:02 - INFO -   Iteration 5 score: 1.128929853439331
2025-04-01 21:02:02 - INFO -   Checking iteration 6/10 (60.0%)...
2025-04-01 21:02:02 - INFO -   Iteration 6 score: 0.08785128593444824
2025-04-01 21:02:02 - INFO -   Checking iteration 7/10 (70.0%)...
2025-04-01 21:02:02 - INFO -   Iteration 7 score: 0.051343441009521484
2025-04-01 21:02:02 - INFO -   Checking iteration 8/10 (80.0%)...
2025-04-01 21:02:02 - INFO -   Iteration 8 score: 0.025576353073120117
2025-04-01 21:02:03 - INFO -   Checking iteration 9/10 (90.0%)...
2025-04-01 21:02:03 - INFO -   Iteration 9 score: 0.018781423568725586
2025-04-01 21:02:03 - INFO -   Checking iteration 10/10 (100.0%)...
2025-04-01 21:02:03 - INFO -   Iteration 10 score: 0.0331878662109375
2025-04-01 21:02:03 - INFO - Completed processing for entry ID 22
2025-04-01 21:02:03 - INFO - Processing entry 23/35 (ID: 23) - 62.9% complete
2025-04-01 21:02:03 - INFO -   Checking original text for entry 23...
2025-04-01 21:02:03 - INFO -   Original text score: 6.032305955886841
2025-04-01 21:02:03 - INFO -   Checking summarized text for entry 23...
2025-04-01 21:02:03 - INFO -   Summarized text score: 0.5178928375244141
2025-04-01 21:02:03 - INFO -   Processing 10 iterations for entry 23...
2025-04-01 21:02:03 - INFO -   Checking iteration 1/10 (10.0%)...
2025-04-01 21:02:03 - INFO -   Iteration 1 score: 2.5635600090026855
2025-04-01 21:02:04 - INFO -   Checking iteration 2/10 (20.0%)...
2025-04-01 21:02:04 - INFO -   Iteration 2 score: 0.09298920631408691
2025-04-01 21:02:04 - INFO -   Checking iteration 3/10 (30.0%)...
2025-04-01 21:02:04 - INFO -   Iteration 3 score: 0.01811385154724121
2025-04-01 21:02:04 - INFO -   Checking iteration 4/10 (40.0%)...
2025-04-01 21:02:04 - INFO -   Iteration 4 score: 0.026744604110717773
2025-04-01 21:02:04 - INFO -   Checking iteration 5/10 (50.0%)...
2025-04-01 21:02:04 - INFO -   Iteration 5 score: 4.438668489456177
2025-04-01 21:02:05 - INFO -   Checking iteration 6/10 (60.0%)...
2025-04-01 21:02:05 - INFO -   Iteration 6 score: 0.04439949989318848
2025-04-01 21:02:05 - INFO -   Checking iteration 7/10 (70.0%)...
2025-04-01 21:02:05 - INFO -   Iteration 7 score: 0.027626752853393555
2025-04-01 21:02:05 - INFO -   Checking iteration 8/10 (80.0%)...
2025-04-01 21:02:05 - INFO -   Iteration 8 score: 0.12471675872802734
2025-04-01 21:02:05 - INFO -   Checking iteration 9/10 (90.0%)...
2025-04-01 21:02:05 - INFO -   Iteration 9 score: 0.12096762657165527
2025-04-01 21:02:05 - INFO -   Checking iteration 10/10 (100.0%)...
2025-04-01 21:02:06 - INFO -   Iteration 10 score: 2.6823878288269043
2025-04-01 21:02:06 - INFO - Completed processing for entry ID 23
2025-04-01 21:02:06 - INFO - Processing entry 24/35 (ID: 24) - 65.7% complete
2025-04-01 21:02:06 - INFO -   Checking original text for entry 24...
2025-04-01 21:02:06 - INFO -   Original text score: 5.823934078216553
2025-04-01 21:02:06 - INFO -   Checking summarized text for entry 24...
2025-04-01 21:02:06 - INFO -   Summarized text score: 2.640730142593384
2025-04-01 21:02:06 - INFO -   Processing 10 iterations for entry 24...
2025-04-01 21:02:06 - INFO -   Checking iteration 1/10 (10.0%)...
2025-04-01 21:02:06 - INFO -   Iteration 1 score: 0.2802133560180664
2025-04-01 21:02:06 - INFO -   Checking iteration 2/10 (20.0%)...
2025-04-01 21:02:06 - INFO -   Iteration 2 score: 0.01825690269470215
2025-04-01 21:02:07 - INFO -   Checking iteration 3/10 (30.0%)...
2025-04-01 21:02:07 - INFO -   Iteration 3 score: 0.017768144607543945
2025-04-01 21:02:07 - INFO -   Checking iteration 4/10 (40.0%)...
2025-04-01 21:02:07 - INFO -   Iteration 4 score: 0.016951560974121094
2025-04-01 21:02:07 - INFO -   Checking iteration 5/10 (50.0%)...
2025-04-01 21:02:07 - INFO -   Iteration 5 score: 0.018519163131713867
2025-04-01 21:02:07 - INFO -   Checking iteration 6/10 (60.0%)...
2025-04-01 21:02:08 - INFO -   Iteration 6 score: 0.017648935317993164
2025-04-01 21:02:08 - INFO -   Checking iteration 7/10 (70.0%)...
2025-04-01 21:02:08 - INFO -   Iteration 7 score: 0.26180148124694824
2025-04-01 21:02:08 - INFO -   Checking iteration 8/10 (80.0%)...
2025-04-01 21:02:08 - INFO -   Iteration 8 score: 0.021582841873168945
2025-04-01 21:02:08 - INFO -   Checking iteration 9/10 (90.0%)...
2025-04-01 21:02:08 - INFO -   Iteration 9 score: 0.017327070236206055
2025-04-01 21:02:08 - INFO -   Checking iteration 10/10 (100.0%)...
2025-04-01 21:02:09 - INFO -   Iteration 10 score: 0.018996000289916992
2025-04-01 21:02:09 - INFO - Completed processing for entry ID 24
2025-04-01 21:02:09 - INFO - Processing entry 25/35 (ID: 25) - 68.6% complete
2025-04-01 21:02:09 - INFO -   Checking original text for entry 25...
2025-04-01 21:02:09 - INFO -   Original text score: 0.04569292068481445
2025-04-01 21:02:09 - INFO -   Checking summarized text for entry 25...
2025-04-01 21:02:09 - INFO -   Summarized text score: 0.024563074111938477
2025-04-01 21:02:09 - INFO -   Processing 10 iterations for entry 25...
2025-04-01 21:02:09 - INFO -   Checking iteration 1/10 (10.0%)...
2025-04-01 21:02:09 - INFO -   Iteration 1 score: 0.01787543296813965
2025-04-01 21:02:09 - INFO -   Checking iteration 2/10 (20.0%)...
2025-04-01 21:02:09 - INFO -   Iteration 2 score: 0.04196763038635254
2025-04-01 21:02:10 - INFO -   Checking iteration 3/10 (30.0%)...
2025-04-01 21:02:10 - INFO -   Iteration 3 score: 1.1270463466644287
2025-04-01 21:02:10 - INFO -   Checking iteration 4/10 (40.0%)...
2025-04-01 21:02:10 - INFO -   Iteration 4 score: 0.38563013076782227
2025-04-01 21:02:10 - INFO -   Checking iteration 5/10 (50.0%)...
2025-04-01 21:02:10 - INFO -   Iteration 5 score: 6.284219026565552
2025-04-01 21:02:10 - INFO -   Checking iteration 6/10 (60.0%)...
2025-04-01 21:02:10 - INFO -   Iteration 6 score: 2.659362554550171
2025-04-01 21:02:10 - INFO -   Checking iteration 7/10 (70.0%)...
2025-04-01 21:02:11 - INFO -   Iteration 7 score: 2.203470468521118
2025-04-01 21:02:11 - INFO -   Checking iteration 8/10 (80.0%)...
2025-04-01 21:02:11 - INFO -   Iteration 8 score: 0.03909468650817871
2025-04-01 21:02:11 - INFO -   Checking iteration 9/10 (90.0%)...
2025-04-01 21:02:11 - INFO -   Iteration 9 score: 0.8149564266204834
2025-04-01 21:02:11 - INFO -   Checking iteration 10/10 (100.0%)...
2025-04-01 21:02:11 - INFO -   Iteration 10 score: 28.912103176116943
2025-04-01 21:02:11 - INFO - Completed processing for entry ID 25
2025-04-01 21:02:11 - INFO - Processing entry 26/35 (ID: 26) - 71.4% complete
2025-04-01 21:02:11 - INFO -   Checking original text for entry 26...
2025-04-01 21:02:12 - INFO -   Original text score: 0.14704465866088867
2025-04-01 21:02:12 - INFO -   Checking summarized text for entry 26...
2025-04-01 21:02:12 - INFO -   Summarized text score: 0.027805566787719727
2025-04-01 21:02:12 - INFO -   Processing 10 iterations for entry 26...
2025-04-01 21:02:12 - INFO -   Checking iteration 1/10 (10.0%)...
2025-04-01 21:02:12 - INFO -   Iteration 1 score: 0.5463361740112305
2025-04-01 21:02:12 - INFO -   Checking iteration 2/10 (20.0%)...
2025-04-01 21:02:12 - INFO -   Iteration 2 score: 0.016963481903076172
2025-04-01 21:02:12 - INFO -   Checking iteration 3/10 (30.0%)...
2025-04-01 21:02:12 - INFO -   Iteration 3 score: 0.01798272132873535
2025-04-01 21:02:13 - INFO -   Checking iteration 4/10 (40.0%)...
2025-04-01 21:02:13 - INFO -   Iteration 4 score: 0.08755326271057129
2025-04-01 21:02:13 - INFO -   Checking iteration 5/10 (50.0%)...
2025-04-01 21:02:13 - INFO -   Iteration 5 score: 0.016987323760986328
2025-04-01 21:02:13 - INFO -   Checking iteration 6/10 (60.0%)...
2025-04-01 21:02:13 - INFO -   Iteration 6 score: 0.05917549133300781
2025-04-01 21:02:13 - INFO -   Checking iteration 7/10 (70.0%)...
2025-04-01 21:02:14 - INFO -   Iteration 7 score: 0.017267465591430664
2025-04-01 21:02:14 - INFO -   Checking iteration 8/10 (80.0%)...
2025-04-01 21:02:14 - INFO -   Iteration 8 score: 0.025528669357299805
2025-04-01 21:02:14 - INFO -   Checking iteration 9/10 (90.0%)...
2025-04-01 21:02:14 - INFO -   Iteration 9 score: 0.019294023513793945
2025-04-01 21:02:14 - INFO -   Checking iteration 10/10 (100.0%)...
2025-04-01 21:02:14 - INFO -   Iteration 10 score: 0.016939640045166016
2025-04-01 21:02:14 - INFO - Completed processing for entry ID 26
2025-04-01 21:02:14 - INFO - Processing entry 27/35 (ID: 27) - 74.3% complete
2025-04-01 21:02:14 - INFO -   Checking original text for entry 27...
2025-04-01 21:02:15 - INFO -   Original text score: 0.017648935317993164
2025-04-01 21:02:15 - INFO -   Checking summarized text for entry 27...
2025-04-01 21:02:15 - INFO -   Summarized text score: 0.04087090492248535
2025-04-01 21:02:15 - INFO -   Processing 10 iterations for entry 27...
2025-04-01 21:02:15 - INFO -   Checking iteration 1/10 (10.0%)...
2025-04-01 21:02:15 - INFO -   Iteration 1 score: 0.01684427261352539
2025-04-01 21:02:15 - INFO -   Checking iteration 2/10 (20.0%)...
2025-04-01 21:02:15 - INFO -   Iteration 2 score: 0.1732468605041504
2025-04-01 21:02:15 - INFO -   Checking iteration 3/10 (30.0%)...
2025-04-01 21:02:15 - INFO -   Iteration 3 score: 0.019174814224243164
2025-04-01 21:02:15 - INFO -   Checking iteration 4/10 (40.0%)...
2025-04-01 21:02:16 - INFO -   Iteration 4 score: 0.01697540283203125
2025-04-01 21:02:16 - INFO -   Checking iteration 5/10 (50.0%)...
2025-04-01 21:02:16 - INFO -   Iteration 5 score: 0.05487799644470215
2025-04-01 21:02:16 - INFO -   Checking iteration 6/10 (60.0%)...
2025-04-01 21:02:16 - INFO -   Iteration 6 score: 2.162051200866699
2025-04-01 21:02:16 - INFO -   Checking iteration 7/10 (70.0%)...
2025-04-01 21:02:16 - INFO -   Iteration 7 score: 0.02192854881286621
2025-04-01 21:02:16 - INFO -   Checking iteration 8/10 (80.0%)...
2025-04-01 21:02:16 - INFO -   Iteration 8 score: 0.018733739852905273
2025-04-01 21:02:17 - INFO -   Checking iteration 9/10 (90.0%)...
2025-04-01 21:02:17 - INFO -   Iteration 9 score: 0.01748204231262207
2025-04-01 21:02:17 - INFO -   Checking iteration 10/10 (100.0%)...
2025-04-01 21:02:17 - INFO -   Iteration 10 score: 0.018006563186645508
2025-04-01 21:02:17 - INFO - Completed processing for entry ID 27
2025-04-01 21:02:17 - INFO - Processing entry 28/35 (ID: 28) - 77.1% complete
2025-04-01 21:02:17 - INFO -   Checking original text for entry 28...
2025-04-01 21:02:17 - INFO -   Original text score: 0.01907944679260254
2025-04-01 21:02:17 - INFO -   Checking summarized text for entry 28...
2025-04-01 21:02:17 - INFO -   Summarized text score: 0.054007768630981445
2025-04-01 21:02:17 - INFO -   Processing 10 iterations for entry 28...
2025-04-01 21:02:17 - INFO -   Checking iteration 1/10 (10.0%)...
2025-04-01 21:02:18 - INFO -   Iteration 1 score: 0.025027990341186523
2025-04-01 21:02:18 - INFO -   Checking iteration 2/10 (20.0%)...
2025-04-01 21:02:18 - INFO -   Iteration 2 score: 0.07710456848144531
2025-04-01 21:02:18 - INFO -   Checking iteration 3/10 (30.0%)...
2025-04-01 21:02:18 - INFO -   Iteration 3 score: 0.2341747283935547
2025-04-01 21:02:18 - INFO -   Checking iteration 4/10 (40.0%)...
2025-04-01 21:02:18 - INFO -   Iteration 4 score: 0.022143125534057617
2025-04-01 21:02:19 - INFO -   Checking iteration 5/10 (50.0%)...
2025-04-01 21:02:19 - INFO -   Iteration 5 score: 0.018864870071411133
2025-04-01 21:02:19 - INFO -   Checking iteration 6/10 (60.0%)...
2025-04-01 21:02:19 - INFO -   Iteration 6 score: 0.03306865692138672
2025-04-01 21:02:19 - INFO -   Checking iteration 7/10 (70.0%)...
2025-04-01 21:02:19 - INFO -   Iteration 7 score: 0.04509091377258301
2025-04-01 21:02:19 - INFO -   Checking iteration 8/10 (80.0%)...
2025-04-01 21:02:19 - INFO -   Iteration 8 score: 0.01843571662902832
2025-04-01 21:02:19 - INFO -   Checking iteration 9/10 (90.0%)...
2025-04-01 21:02:20 - INFO -   Iteration 9 score: 1.1080563068389893
2025-04-01 21:02:20 - INFO -   Checking iteration 10/10 (100.0%)...
2025-04-01 21:02:20 - INFO -   Iteration 10 score: 0.028449296951293945
2025-04-01 21:02:20 - INFO - Completed processing for entry ID 28
2025-04-01 21:02:20 - INFO - Processing entry 29/35 (ID: 29) - 80.0% complete
2025-04-01 21:02:20 - INFO -   Checking original text for entry 29...
2025-04-01 21:02:20 - INFO -   Original text score: 0.01703500747680664
2025-04-01 21:02:20 - INFO -   Checking summarized text for entry 29...
2025-04-01 21:02:21 - INFO -   Summarized text score: 2.402198314666748
2025-04-01 21:02:21 - INFO -   Processing 10 iterations for entry 29...
2025-04-01 21:02:21 - INFO -   Checking iteration 1/10 (10.0%)...
2025-04-01 21:02:21 - INFO -   Iteration 1 score: 0.01912713050842285
2025-04-01 21:02:21 - INFO -   Checking iteration 2/10 (20.0%)...
2025-04-01 21:02:22 - INFO -   Iteration 2 score: 0.01755356788635254
2025-04-01 21:02:22 - INFO -   Checking iteration 3/10 (30.0%)...
2025-04-01 21:02:22 - INFO -   Iteration 3 score: 0.018221139907836914
2025-04-01 21:02:22 - INFO -   Checking iteration 4/10 (40.0%)...
2025-04-01 21:02:22 - INFO -   Iteration 4 score: 0.020641088485717773
2025-04-01 21:02:23 - INFO -   Checking iteration 5/10 (50.0%)...
2025-04-01 21:02:23 - INFO -   Iteration 5 score: 0.026541948318481445
2025-04-01 21:02:23 - INFO -   Checking iteration 6/10 (60.0%)...
2025-04-01 21:02:23 - INFO -   Iteration 6 score: 0.01685619354248047
2025-04-01 21:02:23 - INFO -   Checking iteration 7/10 (70.0%)...
2025-04-01 21:02:23 - INFO -   Iteration 7 score: 0.020450353622436523
2025-04-01 21:02:23 - INFO -   Checking iteration 8/10 (80.0%)...
2025-04-01 21:02:24 - INFO -   Iteration 8 score: 99.44583983160555
2025-04-01 21:02:24 - INFO -   Checking iteration 9/10 (90.0%)...
2025-04-01 21:02:24 - INFO -   Iteration 9 score: 0.024777650833129883
2025-04-01 21:02:24 - INFO -   Checking iteration 10/10 (100.0%)...
2025-04-01 21:02:24 - INFO -   Iteration 10 score: 0.01690387725830078
2025-04-01 21:02:24 - INFO - Completed processing for entry ID 29
2025-04-01 21:02:24 - INFO - Processing entry 30/35 (ID: 30) - 82.9% complete
2025-04-01 21:02:24 - INFO -   Checking original text for entry 30...
2025-04-01 21:02:24 - INFO -   Original text score: 0.04926919937133789
2025-04-01 21:02:24 - INFO -   Checking summarized text for entry 30...
2025-04-01 21:02:25 - INFO -   Summarized text score: 0.04101395606994629
2025-04-01 21:02:25 - INFO -   Processing 10 iterations for entry 30...
2025-04-01 21:02:25 - INFO -   Checking iteration 1/10 (10.0%)...
2025-04-01 21:02:25 - INFO -   Iteration 1 score: 11.953169107437134
2025-04-01 21:02:25 - INFO -   Checking iteration 2/10 (20.0%)...
2025-04-01 21:02:25 - INFO -   Iteration 2 score: 0.5855023860931396
2025-04-01 21:02:25 - INFO -   Checking iteration 3/10 (30.0%)...
2025-04-01 21:02:25 - INFO -   Iteration 3 score: 17.053622007369995
2025-04-01 21:02:25 - INFO -   Checking iteration 4/10 (40.0%)...
2025-04-01 21:02:25 - INFO -   Iteration 4 score: 98.7005453556776
2025-04-01 21:02:25 - INFO -   Checking iteration 5/10 (50.0%)...
2025-04-01 21:02:26 - INFO -   Iteration 5 score: 0.017130374908447266
2025-04-01 21:02:26 - INFO -   Checking iteration 6/10 (60.0%)...
2025-04-01 21:02:26 - INFO -   Iteration 6 score: 0.01690387725830078
2025-04-01 21:02:26 - INFO -   Checking iteration 7/10 (70.0%)...
2025-04-01 21:02:26 - INFO -   Iteration 7 score: 0.016880035400390625
2025-04-01 21:02:26 - INFO -   Checking iteration 8/10 (80.0%)...
2025-04-01 21:02:26 - INFO -   Iteration 8 score: 0.0850677490234375
2025-04-01 21:02:26 - INFO -   Checking iteration 9/10 (90.0%)...
2025-04-01 21:02:26 - INFO -   Iteration 9 score: 2.222973108291626
2025-04-01 21:02:27 - INFO -   Checking iteration 10/10 (100.0%)...
2025-04-01 21:02:27 - INFO -   Iteration 10 score: 0.10195374488830566
2025-04-01 21:02:27 - INFO - Completed processing for entry ID 30
2025-04-01 21:02:27 - INFO - Processing entry 31/35 (ID: 31) - 85.7% complete
2025-04-01 21:02:27 - INFO -   Checking original text for entry 31...
2025-04-01 21:02:27 - INFO -   Original text score: 2.305859327316284
2025-04-01 21:02:27 - INFO -   Checking summarized text for entry 31...
2025-04-01 21:02:27 - INFO -   Summarized text score: 0.5786120891571045
2025-04-01 21:02:27 - INFO -   Processing 10 iterations for entry 31...
2025-04-01 21:02:27 - INFO -   Checking iteration 1/10 (10.0%)...
2025-04-01 21:02:27 - INFO -   Iteration 1 score: 0.2609074115753174
2025-04-01 21:02:27 - INFO -   Checking iteration 2/10 (20.0%)...
2025-04-01 21:02:27 - INFO -   Iteration 2 score: 0.19795894622802734
2025-04-01 21:02:28 - INFO -   Checking iteration 3/10 (30.0%)...
2025-04-01 21:02:28 - INFO -   Iteration 3 score: 0.036275386810302734
2025-04-01 21:02:28 - INFO -   Checking iteration 4/10 (40.0%)...
2025-04-01 21:02:28 - INFO -   Iteration 4 score: 0.18256902694702148
2025-04-01 21:02:28 - INFO -   Checking iteration 5/10 (50.0%)...
2025-04-01 21:02:28 - INFO -   Iteration 5 score: 0.1129448413848877
2025-04-01 21:02:28 - INFO -   Checking iteration 6/10 (60.0%)...
2025-04-01 21:02:28 - INFO -   Iteration 6 score: 0.017070770263671875
2025-04-01 21:02:28 - INFO -   Checking iteration 7/10 (70.0%)...
2025-04-01 21:02:29 - INFO -   Iteration 7 score: 0.06684064865112305
2025-04-01 21:02:29 - INFO -   Checking iteration 8/10 (80.0%)...
2025-04-01 21:02:29 - INFO -   Iteration 8 score: 0.0238955020904541
2025-04-01 21:02:29 - INFO -   Checking iteration 9/10 (90.0%)...
2025-04-01 21:02:29 - INFO -   Iteration 9 score: 0.020772218704223633
2025-04-01 21:02:29 - INFO -   Checking iteration 10/10 (100.0%)...
2025-04-01 21:02:29 - INFO -   Iteration 10 score: 0.02346634864807129
2025-04-01 21:02:29 - INFO - Completed processing for entry ID 31
2025-04-01 21:02:29 - INFO - Processing entry 32/35 (ID: 32) - 88.6% complete
2025-04-01 21:02:29 - INFO -   Checking original text for entry 32...
2025-04-01 21:02:30 - INFO -   Original text score: 0.700843334197998
2025-04-01 21:02:30 - INFO -   Checking summarized text for entry 32...
2025-04-01 21:02:30 - INFO -   Summarized text score: 0.017434358596801758
2025-04-01 21:02:30 - INFO -   Processing 10 iterations for entry 32...
2025-04-01 21:02:30 - INFO -   Checking iteration 1/10 (10.0%)...
2025-04-01 21:02:30 - INFO -   Iteration 1 score: 0.1107633113861084
2025-04-01 21:02:30 - INFO -   Checking iteration 2/10 (20.0%)...
2025-04-01 21:02:30 - INFO -   Iteration 2 score: 0.018662214279174805
2025-04-01 21:02:30 - INFO -   Checking iteration 3/10 (30.0%)...
2025-04-01 21:02:30 - INFO -   Iteration 3 score: 25.542891025543213
2025-04-01 21:02:30 - INFO -   Checking iteration 4/10 (40.0%)...
2025-04-01 21:02:30 - INFO -   Iteration 4 score: 0.029593706130981445
2025-04-01 21:02:31 - INFO -   Checking iteration 5/10 (50.0%)...
2025-04-01 21:02:31 - INFO -   Iteration 5 score: 0.01690387725830078
2025-04-01 21:02:31 - INFO -   Checking iteration 6/10 (60.0%)...
2025-04-01 21:02:31 - INFO -   Iteration 6 score: 0.017648935317993164
2025-04-01 21:02:31 - INFO -   Checking iteration 7/10 (70.0%)...
2025-04-01 21:02:31 - INFO -   Iteration 7 score: 0.017327070236206055
2025-04-01 21:02:31 - INFO -   Checking iteration 8/10 (80.0%)...
2025-04-01 21:02:31 - INFO -   Iteration 8 score: 0.018996000289916992
2025-04-01 21:02:32 - INFO -   Checking iteration 9/10 (90.0%)...
2025-04-01 21:02:32 - INFO -   Iteration 9 score: 0.017142295837402344
2025-04-01 21:02:32 - INFO -   Checking iteration 10/10 (100.0%)...
2025-04-01 21:02:32 - INFO -   Iteration 10 score: 0.44656991958618164
2025-04-01 21:02:32 - INFO - Completed processing for entry ID 32
2025-04-01 21:02:32 - INFO - Processing entry 33/35 (ID: 33) - 91.4% complete
2025-04-01 21:02:32 - INFO -   Checking original text for entry 33...
2025-04-01 21:02:32 - INFO -   Original text score: 0.102996826171875
2025-04-01 21:02:32 - INFO -   Checking summarized text for entry 33...
2025-04-01 21:02:33 - INFO -   Summarized text score: 6.179690361022949
2025-04-01 21:02:33 - INFO -   Processing 10 iterations for entry 33...
2025-04-01 21:02:33 - INFO -   Checking iteration 1/10 (10.0%)...
2025-04-01 21:02:33 - INFO -   Iteration 1 score: 0.017130374908447266
2025-04-01 21:02:33 - INFO -   Checking iteration 2/10 (20.0%)...
2025-04-01 21:02:33 - INFO -   Iteration 2 score: 0.024133920669555664
2025-04-01 21:02:33 - INFO -   Checking iteration 3/10 (30.0%)...
2025-04-01 21:02:34 - INFO -   Iteration 3 score: 0.017946958541870117
2025-04-01 21:02:34 - INFO -   Checking iteration 4/10 (40.0%)...
2025-04-01 21:02:34 - INFO -   Iteration 4 score: 0.0192105770111084
2025-04-01 21:02:34 - INFO -   Checking iteration 5/10 (50.0%)...
2025-04-01 21:02:34 - INFO -   Iteration 5 score: 90.94941541552544
2025-04-01 21:02:34 - INFO -   Checking iteration 6/10 (60.0%)...
2025-04-01 21:02:35 - INFO -   Iteration 6 score: 0.017249584197998047
2025-04-01 21:02:35 - INFO -   Checking iteration 7/10 (70.0%)...
2025-04-01 21:02:35 - INFO -   Iteration 7 score: 22.37815260887146
2025-04-01 21:02:35 - INFO -   Checking iteration 8/10 (80.0%)...
2025-04-01 21:02:35 - INFO -   Iteration 8 score: 0.01697540283203125
2025-04-01 21:02:35 - INFO -   Checking iteration 9/10 (90.0%)...
2025-04-01 21:02:36 - INFO -   Iteration 9 score: 0.01722574234008789
2025-04-01 21:02:36 - INFO -   Checking iteration 10/10 (100.0%)...
2025-04-01 21:02:36 - INFO -   Iteration 10 score: 0.017070770263671875
2025-04-01 21:02:36 - INFO - Completed processing for entry ID 33
2025-04-01 21:02:36 - INFO - Processing entry 34/35 (ID: 34) - 94.3% complete
2025-04-01 21:02:36 - INFO -   Checking original text for entry 34...
2025-04-01 21:02:36 - INFO -   Original text score: 0.039571523666381836
2025-04-01 21:02:36 - INFO -   Checking summarized text for entry 34...
2025-04-01 21:02:36 - INFO -   Summarized text score: 0.08494853973388672
2025-04-01 21:02:36 - INFO -   Processing 10 iterations for entry 34...
2025-04-01 21:02:36 - INFO -   Checking iteration 1/10 (10.0%)...
2025-04-01 21:02:36 - INFO -   Iteration 1 score: 0.0196993350982666
2025-04-01 21:02:36 - INFO -   Checking iteration 2/10 (20.0%)...
2025-04-01 21:02:37 - INFO -   Iteration 2 score: 0.047457218170166016
2025-04-01 21:02:37 - INFO -   Checking iteration 3/10 (30.0%)...
2025-04-01 21:02:37 - INFO -   Iteration 3 score: 0.06823539733886719
2025-04-01 21:02:37 - INFO -   Checking iteration 4/10 (40.0%)...
2025-04-01 21:02:37 - INFO -   Iteration 4 score: 0.02211928367614746
2025-04-01 21:02:37 - INFO -   Checking iteration 5/10 (50.0%)...
2025-04-01 21:02:37 - INFO -   Iteration 5 score: 1.8588602542877197
2025-04-01 21:02:38 - INFO -   Checking iteration 6/10 (60.0%)...
2025-04-01 21:02:38 - INFO -   Iteration 6 score: 0.4739224910736084
2025-04-01 21:02:38 - INFO -   Checking iteration 7/10 (70.0%)...
2025-04-01 21:02:38 - INFO -   Iteration 7 score: 0.029665231704711914
2025-04-01 21:02:38 - INFO -   Checking iteration 8/10 (80.0%)...
2025-04-01 21:02:38 - INFO -   Iteration 8 score: 0.02098679542541504
2025-04-01 21:02:38 - INFO -   Checking iteration 9/10 (90.0%)...
2025-04-01 21:02:38 - INFO -   Iteration 9 score: 0.021725893020629883
2025-04-01 21:02:39 - INFO -   Checking iteration 10/10 (100.0%)...
2025-04-01 21:02:39 - INFO -   Iteration 10 score: 0.033724308013916016
2025-04-01 21:02:39 - INFO - Completed processing for entry ID 34
2025-04-01 21:02:39 - INFO - Processing entry 35/35 (ID: 35) - 97.1% complete
2025-04-01 21:02:39 - INFO -   Checking original text for entry 35...
2025-04-01 21:02:39 - INFO -   Original text score: 0.12438297271728516
2025-04-01 21:02:39 - INFO -   Checking summarized text for entry 35...
2025-04-01 21:02:39 - INFO -   Summarized text score: 0.017189979553222656
2025-04-01 21:02:39 - INFO -   Processing 10 iterations for entry 35...
2025-04-01 21:02:39 - INFO -   Checking iteration 1/10 (10.0%)...
2025-04-01 21:02:39 - INFO -   Iteration 1 score: 0.020438432693481445
2025-04-01 21:02:39 - INFO -   Checking iteration 2/10 (20.0%)...
2025-04-01 21:02:40 - INFO -   Iteration 2 score: 0.017213821411132812
2025-04-01 21:02:40 - INFO -   Checking iteration 3/10 (30.0%)...
2025-04-01 21:02:40 - INFO -   Iteration 3 score: 0.27174949645996094
2025-04-01 21:02:40 - INFO -   Checking iteration 4/10 (40.0%)...
2025-04-01 21:02:40 - INFO -   Iteration 4 score: 0.02810359001159668
2025-04-01 21:02:40 - INFO -   Checking iteration 5/10 (50.0%)...
2025-04-01 21:02:40 - INFO -   Iteration 5 score: 0.020688772201538086
2025-04-01 21:02:40 - INFO -   Checking iteration 6/10 (60.0%)...
2025-04-01 21:02:41 - INFO -   Iteration 6 score: 0.021725893020629883
2025-04-01 21:02:41 - INFO -   Checking iteration 7/10 (70.0%)...
2025-04-01 21:02:41 - INFO -   Iteration 7 score: 0.028449296951293945
2025-04-01 21:02:41 - INFO -   Checking iteration 8/10 (80.0%)...
2025-04-01 21:02:41 - INFO -   Iteration 8 score: 0.018221139907836914
2025-04-01 21:02:41 - INFO -   Checking iteration 9/10 (90.0%)...
2025-04-01 21:02:42 - INFO -   Iteration 9 score: 0.016820430755615234
2025-04-01 21:02:42 - INFO -   Checking iteration 10/10 (100.0%)...
2025-04-01 21:02:42 - INFO -   Iteration 10 score: 0.09065866470336914
2025-04-01 21:02:42 - INFO - Completed processing for entry ID 35
2025-04-01 21:02:42 - INFO - All entries processed. Saving final results to: .\gemini2FlashIterationsWithScores.json
2025-04-01 21:02:42 - INFO - Processing complete. Results saved to .\gemini2FlashIterationsWithScores.json and .\temp\final_results_20250401_210242.json
2025-04-01 21:02:42 - INFO - RoBERTa detection process completed
